{"meta": {"format": 3, "version": "7.13.5", "timestamp": "2026-04-26T17:30:30.184135", "branch_coverage": false, "show_contexts": false}, "files": {"artifacts\\scripts\\aggregate_red_team_scorecard.py": {"executed_lines": [2, 4, 5, 6, 7, 8, 11, 12, 13, 14, 15, 16, 17, 18, 19, 20, 22, 33, 34, 35, 36, 37, 38, 39, 40, 41, 43, 44, 45, 47, 48, 49, 52, 53, 54, 55, 56, 57, 58, 59, 60, 61, 62, 63, 64, 65, 66, 67, 68, 70, 71, 83, 86, 87, 90, 91, 92, 108, 109, 110, 123, 124, 125, 126, 142, 145], "summary": {"covered_lines": 66, "num_statements": 66, "percent_covered": 100.0, "percent_covered_display": "100", "missing_lines": 0, "excluded_lines": 24, "percent_statements_covered": 100.0, "percent_statements_covered_display": "100"}, "missing_lines": [], "excluded_lines": [146, 147, 148, 149, 152, 153, 154, 155, 156, 157, 158, 159, 160, 161, 162, 163, 164, 165, 166, 167, 168, 169, 172, 173], "functions": {"CaseRow.__init__": {"executed_lines": [33, 34, 35, 36, 37, 38, 39, 40, 41, 43, 44, 45], "summary": {"covered_lines": 12, "num_statements": 12, "percent_covered": 100.0, "percent_covered_display": "100", "missing_lines": 0, "excluded_lines": 0, "percent_statements_covered": 100.0, "percent_statements_covered_display": "100"}, "missing_lines": [], "excluded_lines": [], "start_line": 22}, "CaseRow.case_passed": {"executed_lines": [49], "summary": {"covered_lines": 1, "num_statements": 1, "percent_covered": 100.0, "percent_covered_display": "100", "missing_lines": 0, "excluded_lines": 0, "percent_statements_covered": 100.0, "percent_statements_covered_display": "100"}, "missing_lines": [], "excluded_lines": [], "start_line": 48}, "parse_report": {"executed_lines": [53, 54, 55, 56, 57, 58, 59, 60, 61, 62, 63, 64, 65, 66, 67, 68, 70, 71, 83], "summary": {"covered_lines": 19, "num_statements": 19, "percent_covered": 100.0, "percent_covered_display": "100", "missing_lines": 0, "excluded_lines": 0, "percent_statements_covered": 100.0, "percent_statements_covered_display": "100"}, "missing_lines": [], "excluded_lines": [], "start_line": 52}, "auto_score": {"executed_lines": [87], "summary": {"covered_lines": 1, "num_statements": 1, "percent_covered": 100.0, "percent_covered_display": "100", "missing_lines": 0, "excluded_lines": 0, "percent_statements_covered": 100.0, "percent_statements_covered_display": "100"}, "missing_lines": [], "excluded_lines": [], "start_line": 86}, "build_scorecard": {"executed_lines": [91, 92, 108, 109, 110, 123, 124, 125, 126, 142], "summary": {"covered_lines": 10, "num_statements": 10, "percent_covered": 100.0, "percent_covered_display": "100", "missing_lines": 0, "excluded_lines": 0, "percent_statements_covered": 100.0, "percent_statements_covered_display": "100"}, "missing_lines": [], "excluded_lines": [], "start_line": 90}, "parse_args": {"executed_lines": [], "summary": {"covered_lines": 0, "num_statements": 0, "percent_covered": 100.0, "percent_covered_display": "100", "missing_lines": 0, "excluded_lines": 4, "percent_statements_covered": 100.0, "percent_statements_covered_display": "100"}, "missing_lines": [], "excluded_lines": [146, 147, 148, 149], "start_line": 145}, "main": {"executed_lines": [], "summary": {"covered_lines": 0, "num_statements": 0, "percent_covered": 100.0, "percent_covered_display": "100", "missing_lines": 0, "excluded_lines": 17, "percent_statements_covered": 100.0, "percent_statements_covered_display": "100"}, "missing_lines": [], "excluded_lines": [153, 154, 155, 156, 157, 158, 159, 160, 161, 162, 163, 164, 165, 166, 167, 168, 169], "start_line": 152}, "": {"executed_lines": [2, 4, 5, 6, 7, 8, 11, 12, 13, 14, 15, 16, 17, 18, 19, 20, 22, 47, 48, 52, 86, 90, 145], "summary": {"covered_lines": 23, "num_statements": 23, "percent_covered": 100.0, "percent_covered_display": "100", "missing_lines": 0, "excluded_lines": 3, "percent_statements_covered": 100.0, "percent_statements_covered_display": "100"}, "missing_lines": [], "excluded_lines": [152, 172, 173], "start_line": 1}}, "classes": {"CaseRow": {"executed_lines": [33, 34, 35, 36, 37, 38, 39, 40, 41, 43, 44, 45, 49], "summary": {"covered_lines": 13, "num_statements": 13, "percent_covered": 100.0, "percent_covered_display": "100", "missing_lines": 0, "excluded_lines": 0, "percent_statements_covered": 100.0, "percent_statements_covered_display": "100"}, "missing_lines": [], "excluded_lines": [], "start_line": 12}, "": {"executed_lines": [2, 4, 5, 6, 7, 8, 11, 12, 13, 14, 15, 16, 17, 18, 19, 20, 22, 47, 48, 52, 53, 54, 55, 56, 57, 58, 59, 60, 61, 62, 63, 64, 65, 66, 67, 68, 70, 71, 83, 86, 87, 90, 91, 92, 108, 109, 110, 123, 124, 125, 126, 142, 145], "summary": {"covered_lines": 53, "num_statements": 53, "percent_covered": 100.0, "percent_covered_display": "100", "missing_lines": 0, "excluded_lines": 24, "percent_statements_covered": 100.0, "percent_statements_covered_display": "100"}, "missing_lines": [], "excluded_lines": [146, 147, 148, 149, 152, 153, 154, 155, 156, 157, 158, 159, 160, 161, 162, 163, 164, 165, 166, 167, 168, 169, 172, 173], "start_line": 1}}}, "artifacts\\scripts\\backfill_pdca_labels.py": {"executed_lines": [12, 14, 15, 16, 17, 18, 19, 20, 22, 23, 28, 33, 39, 40, 41, 44, 45, 46, 47, 49, 61, 62, 65, 67, 68, 69, 70, 71, 72, 73, 74, 75, 78, 83, 84, 86, 87, 88, 90, 91, 92, 95, 97, 98, 101, 102, 103, 104, 105, 108, 111, 113, 114, 117, 118, 119, 120, 121, 124, 127, 135, 136, 138, 139, 142, 143, 144, 145, 148, 149, 150, 151, 152, 154, 156, 157, 159, 160, 162, 163, 165], "summary": {"covered_lines": 81, "num_statements": 81, "percent_covered": 100.0, "percent_covered_display": "100", "missing_lines": 0, "excluded_lines": 47, "percent_statements_covered": 100.0, "percent_statements_covered_display": "100"}, "missing_lines": [], "excluded_lines": [168, 169, 170, 171, 172, 173, 174, 175, 176, 177, 178, 179, 180, 181, 182, 183, 184, 185, 186, 187, 188, 189, 190, 191, 192, 193, 194, 195, 196, 197, 198, 199, 200, 201, 202, 203, 204, 205, 206, 207, 208, 209, 210, 211, 212, 215, 216], "functions": {"current_taipei_timestamp": {"executed_lines": [62], "summary": {"covered_lines": 1, "num_statements": 1, "percent_covered": 100.0, "percent_covered_display": "100", "missing_lines": 0, "excluded_lines": 0, "percent_statements_covered": 100.0, "percent_statements_covered_display": "100"}, "missing_lines": [], "excluded_lines": [], "start_line": 61}, "load_high_risk_tasks": {"executed_lines": [67, 68, 69, 70, 71, 72, 73, 74, 75], "summary": {"covered_lines": 9, "num_statements": 9, "percent_covered": 100.0, "percent_covered_display": "100", "missing_lines": 0, "excluded_lines": 0, "percent_statements_covered": 100.0, "percent_statements_covered_display": "100"}, "missing_lines": [], "excluded_lines": [], "start_line": 65}, "backfill_pdca_stage": {"executed_lines": [83, 84, 86, 87, 88, 90, 91, 92], "summary": {"covered_lines": 8, "num_statements": 8, "percent_covered": 100.0, "percent_covered_display": "100", "missing_lines": 0, "excluded_lines": 0, "percent_statements_covered": 100.0, "percent_statements_covered_display": "100"}, "missing_lines": [], "excluded_lines": [], "start_line": 78}, "insert_tao_trace_code": {"executed_lines": [97, 98, 101, 102, 103, 104, 105, 108], "summary": {"covered_lines": 8, "num_statements": 8, "percent_covered": 100.0, "percent_covered_display": "100", "missing_lines": 0, "excluded_lines": 0, "percent_statements_covered": 100.0, "percent_statements_covered_display": "100"}, "missing_lines": [], "excluded_lines": [], "start_line": 95}, "insert_tao_trace_verify": {"executed_lines": [113, 114, 117, 118, 119, 120, 121, 124], "summary": {"covered_lines": 8, "num_statements": 8, "percent_covered": 100.0, "percent_covered_display": "100", "missing_lines": 0, "excluded_lines": 0, "percent_statements_covered": 100.0, "percent_statements_covered_display": "100"}, "missing_lines": [], "excluded_lines": [], "start_line": 111}, "process_artifact": {"executed_lines": [135, 136, 138, 139, 142, 143, 144, 145, 148, 149, 150, 151, 152, 154, 156, 157, 159, 160, 162, 163, 165], "summary": {"covered_lines": 21, "num_statements": 21, "percent_covered": 100.0, "percent_covered_display": "100", "missing_lines": 0, "excluded_lines": 0, "percent_statements_covered": 100.0, "percent_statements_covered_display": "100"}, "missing_lines": [], "excluded_lines": [], "start_line": 127}, "main": {"executed_lines": [], "summary": {"covered_lines": 0, "num_statements": 0, "percent_covered": 100.0, "percent_covered_display": "100", "missing_lines": 0, "excluded_lines": 44, "percent_statements_covered": 100.0, "percent_statements_covered_display": "100"}, "missing_lines": [], "excluded_lines": [169, 170, 171, 172, 173, 174, 175, 176, 177, 178, 179, 180, 181, 182, 183, 184, 185, 186, 187, 188, 189, 190, 191, 192, 193, 194, 195, 196, 197, 198, 199, 200, 201, 202, 203, 204, 205, 206, 207, 208, 209, 210, 211, 212], "start_line": 168}, "": {"executed_lines": [12, 14, 15, 16, 17, 18, 19, 20, 22, 23, 28, 33, 39, 40, 41, 44, 45, 46, 47, 49, 61, 65, 78, 95, 111, 127], "summary": {"covered_lines": 26, "num_statements": 26, "percent_covered": 100.0, "percent_covered_display": "100", "missing_lines": 0, "excluded_lines": 3, "percent_statements_covered": 100.0, "percent_statements_covered_display": "100"}, "missing_lines": [], "excluded_lines": [168, 215, 216], "start_line": 1}}, "classes": {"": {"executed_lines": [12, 14, 15, 16, 17, 18, 19, 20, 22, 23, 28, 33, 39, 40, 41, 44, 45, 46, 47, 49, 61, 62, 65, 67, 68, 69, 70, 71, 72, 73, 74, 75, 78, 83, 84, 86, 87, 88, 90, 91, 92, 95, 97, 98, 101, 102, 103, 104, 105, 108, 111, 113, 114, 117, 118, 119, 120, 121, 124, 127, 135, 136, 138, 139, 142, 143, 144, 145, 148, 149, 150, 151, 152, 154, 156, 157, 159, 160, 162, 163, 165], "summary": {"covered_lines": 81, "num_statements": 81, "percent_covered": 100.0, "percent_covered_display": "100", "missing_lines": 0, "excluded_lines": 47, "percent_statements_covered": 100.0, "percent_statements_covered_display": "100"}, "missing_lines": [], "excluded_lines": [168, 169, 170, 171, 172, 173, 174, 175, 176, 177, 178, 179, 180, 181, 182, 183, 184, 185, 186, 187, 188, 189, 190, 191, 192, 193, 194, 195, 196, 197, 198, 199, 200, 201, 202, 203, 204, 205, 206, 207, 208, 209, 210, 211, 212, 215, 216], "start_line": 1}}}, "artifacts\\scripts\\build_decision_registry.py": {"executed_lines": [2, 4, 5, 6, 7, 8, 9, 10, 12, 14, 15, 16, 17, 18, 19, 26, 27, 28, 29, 30, 31, 32, 33, 34, 35, 36, 37, 38, 40, 41, 56, 62, 63, 66, 67, 68, 69, 70, 71, 72, 73, 76, 77, 78, 79, 80, 83, 84, 87, 88, 89, 90, 91, 94, 95, 96, 99, 100, 101, 102, 103, 105, 106, 107, 109, 110, 111, 114, 115, 116, 117, 118, 119, 122, 123, 126, 127, 128, 129, 130, 131, 132, 133, 134, 135, 136, 137, 138, 139, 140, 141, 142, 143, 144, 145, 146, 147, 148, 149, 150, 151, 154, 155, 156, 157, 158, 159, 160, 161, 164, 165, 166, 167, 168, 171, 172, 173, 174, 175, 176, 177, 178, 179, 182, 183, 184, 185, 187, 188, 190, 191, 193, 194, 195, 196, 198, 199, 200, 202, 205, 206, 207, 210, 211, 212, 213, 214, 215, 216, 219, 220, 221, 222, 225, 226, 227, 228, 229, 230, 231, 232, 233, 234, 235, 236, 237, 238, 239, 240, 242, 243, 258, 259, 260, 261], "summary": {"covered_lines": 175, "num_statements": 175, "percent_covered": 100.0, "percent_covered_display": "100", "missing_lines": 0, "excluded_lines": 13, "percent_statements_covered": 100.0, "percent_statements_covered_display": "100"}, "missing_lines": [], "excluded_lines": [57, 58, 59, 268, 269, 270, 271, 272, 273, 274, 275, 278, 279], "functions": {"RegistryEntry.to_dict": {"executed_lines": [41], "summary": {"covered_lines": 1, "num_statements": 1, "percent_covered": 100.0, "percent_covered_display": "100", "missing_lines": 0, "excluded_lines": 0, "percent_statements_covered": 100.0, "percent_statements_covered_display": "100"}, "missing_lines": [], "excluded_lines": [], "start_line": 40}, "parse_args": {"executed_lines": [], "summary": {"covered_lines": 0, "num_statements": 0, "percent_covered": 100.0, "percent_covered_display": "100", "missing_lines": 0, "excluded_lines": 3, "percent_statements_covered": 100.0, "percent_statements_covered_display": "100"}, "missing_lines": [], "excluded_lines": [57, 58, 59], "start_line": 56}, "normalize_newlines": {"executed_lines": [63], "summary": {"covered_lines": 1, "num_statements": 1, "percent_covered": 100.0, "percent_covered_display": "100", "missing_lines": 0, "excluded_lines": 0, "percent_statements_covered": 100.0, "percent_statements_covered_display": "100"}, "missing_lines": [], "excluded_lines": [], "start_line": 62}, "parse_sections": {"executed_lines": [67, 68, 69, 70, 71, 72, 73], "summary": {"covered_lines": 7, "num_statements": 7, "percent_covered": 100.0, "percent_covered_display": "100", "missing_lines": 0, "excluded_lines": 0, "percent_statements_covered": 100.0, "percent_statements_covered_display": "100"}, "missing_lines": [], "excluded_lines": [], "start_line": 66}, "first_paragraph": {"executed_lines": [77, 78, 79, 80], "summary": {"covered_lines": 4, "num_statements": 4, "percent_covered": 100.0, "percent_covered_display": "100", "missing_lines": 0, "excluded_lines": 0, "percent_statements_covered": 100.0, "percent_statements_covered_display": "100"}, "missing_lines": [], "excluded_lines": [], "start_line": 76}, "collapse_whitespace": {"executed_lines": [84], "summary": {"covered_lines": 1, "num_statements": 1, "percent_covered": 100.0, "percent_covered_display": "100", "missing_lines": 0, "excluded_lines": 0, "percent_statements_covered": 100.0, "percent_statements_covered_display": "100"}, "missing_lines": [], "excluded_lines": [], "start_line": 83}, "extract_task_id": {"executed_lines": [88, 89, 90, 91], "summary": {"covered_lines": 4, "num_statements": 4, "percent_covered": 100.0, "percent_covered_display": "100", "missing_lines": 0, "excluded_lines": 0, "percent_statements_covered": 100.0, "percent_statements_covered_display": "100"}, "missing_lines": [], "excluded_lines": [], "start_line": 87}, "extract_metadata_date": {"executed_lines": [95, 96], "summary": {"covered_lines": 2, "num_statements": 2, "percent_covered": 100.0, "percent_covered_display": "100", "missing_lines": 0, "excluded_lines": 0, "percent_statements_covered": 100.0, "percent_statements_covered_display": "100"}, "missing_lines": [], "excluded_lines": [], "start_line": 94}, "extract_decision_type": {"executed_lines": [100, 101, 102, 103, 105, 106, 107, 109, 110, 111], "summary": {"covered_lines": 10, "num_statements": 10, "percent_covered": 100.0, "percent_covered_display": "100", "missing_lines": 0, "excluded_lines": 0, "percent_statements_covered": 100.0, "percent_statements_covered_display": "100"}, "missing_lines": [], "excluded_lines": [], "start_line": 99}, "extract_summary": {"executed_lines": [115, 116, 117, 118, 119], "summary": {"covered_lines": 5, "num_statements": 5, "percent_covered": 100.0, "percent_covered_display": "100", "missing_lines": 0, "excluded_lines": 0, "percent_statements_covered": 100.0, "percent_statements_covered_display": "100"}, "missing_lines": [], "excluded_lines": [], "start_line": 114}, "extract_affected_gate": {"executed_lines": [123], "summary": {"covered_lines": 1, "num_statements": 1, "percent_covered": 100.0, "percent_covered_display": "100", "missing_lines": 0, "excluded_lines": 0, "percent_statements_covered": 100.0, "percent_statements_covered_display": "100"}, "missing_lines": [], "excluded_lines": [], "start_line": 122}, "extract_field_tokens": {"executed_lines": [127, 128, 129, 130, 131, 132, 133, 134, 135, 136, 137, 138, 139, 140, 141, 142, 143, 144, 145, 146, 147, 148, 149, 150, 151], "summary": {"covered_lines": 25, "num_statements": 25, "percent_covered": 100.0, "percent_covered_display": "100", "missing_lines": 0, "excluded_lines": 0, "percent_statements_covered": 100.0, "percent_statements_covered_display": "100"}, "missing_lines": [], "excluded_lines": [], "start_line": 126}, "split_ref_tokens": {"executed_lines": [155, 156, 157, 158, 159, 160, 161], "summary": {"covered_lines": 7, "num_statements": 7, "percent_covered": 100.0, "percent_covered_display": "100", "missing_lines": 0, "excluded_lines": 0, "percent_statements_covered": 100.0, "percent_statements_covered_display": "100"}, "missing_lines": [], "excluded_lines": [], "start_line": 154}, "clean_ref_token": {"executed_lines": [165, 166, 167, 168], "summary": {"covered_lines": 4, "num_statements": 4, "percent_covered": 100.0, "percent_covered_display": "100", "missing_lines": 0, "excluded_lines": 0, "percent_statements_covered": 100.0, "percent_statements_covered_display": "100"}, "missing_lines": [], "excluded_lines": [], "start_line": 164}, "dedupe_preserving_order": {"executed_lines": [172, 173, 174, 175, 176, 177, 178, 179], "summary": {"covered_lines": 8, "num_statements": 8, "percent_covered": 100.0, "percent_covered_display": "100", "missing_lines": 0, "excluded_lines": 0, "percent_statements_covered": 100.0, "percent_statements_covered_display": "100"}, "missing_lines": [], "excluded_lines": [], "start_line": 171}, "normalize_ref": {"executed_lines": [183, 184, 185, 187, 188, 190, 191, 193, 194, 195, 196, 198, 199, 200, 202], "summary": {"covered_lines": 15, "num_statements": 15, "percent_covered": 100.0, "percent_covered_display": "100", "missing_lines": 0, "excluded_lines": 0, "percent_statements_covered": 100.0, "percent_statements_covered_display": "100"}, "missing_lines": [], "excluded_lines": [], "start_line": 182}, "normalize_refs": {"executed_lines": [206, 207], "summary": {"covered_lines": 2, "num_statements": 2, "percent_covered": 100.0, "percent_covered_display": "100", "missing_lines": 0, "excluded_lines": 0, "percent_statements_covered": 100.0, "percent_statements_covered_display": "100"}, "missing_lines": [], "excluded_lines": [], "start_line": 205}, "normalize_linked_artifacts": {"executed_lines": [211, 212, 213, 214, 215, 216], "summary": {"covered_lines": 6, "num_statements": 6, "percent_covered": 100.0, "percent_covered_display": "100", "missing_lines": 0, "excluded_lines": 0, "percent_statements_covered": 100.0, "percent_statements_covered_display": "100"}, "missing_lines": [], "excluded_lines": [], "start_line": 210}, "fallback_same_task_ref": {"executed_lines": [220, 221, 222], "summary": {"covered_lines": 3, "num_statements": 3, "percent_covered": 100.0, "percent_covered_display": "100", "missing_lines": 0, "excluded_lines": 0, "percent_statements_covered": 100.0, "percent_statements_covered_display": "100"}, "missing_lines": [], "excluded_lines": [], "start_line": 219}, "build_entry": {"executed_lines": [226, 227, 228, 229, 230, 231, 232, 233, 234, 235, 236, 237, 238, 239, 240, 242, 243], "summary": {"covered_lines": 17, "num_statements": 17, "percent_covered": 100.0, "percent_covered_display": "100", "missing_lines": 0, "excluded_lines": 0, "percent_statements_covered": 100.0, "percent_statements_covered_display": "100"}, "missing_lines": [], "excluded_lines": [], "start_line": 225}, "build_registry": {"executed_lines": [259, 260, 261], "summary": {"covered_lines": 3, "num_statements": 3, "percent_covered": 100.0, "percent_covered_display": "100", "missing_lines": 0, "excluded_lines": 0, "percent_statements_covered": 100.0, "percent_statements_covered_display": "100"}, "missing_lines": [], "excluded_lines": [], "start_line": 258}, "main": {"executed_lines": [], "summary": {"covered_lines": 0, "num_statements": 0, "percent_covered": 100.0, "percent_covered_display": "100", "missing_lines": 0, "excluded_lines": 7, "percent_statements_covered": 100.0, "percent_statements_covered_display": "100"}, "missing_lines": [], "excluded_lines": [269, 270, 271, 272, 273, 274, 275], "start_line": 268}, "": {"executed_lines": [2, 4, 5, 6, 7, 8, 9, 10, 12, 14, 15, 16, 17, 18, 19, 26, 27, 28, 29, 30, 31, 32, 33, 34, 35, 36, 37, 38, 40, 56, 62, 66, 76, 83, 87, 94, 99, 114, 122, 126, 154, 164, 171, 182, 205, 210, 219, 225, 258], "summary": {"covered_lines": 49, "num_statements": 49, "percent_covered": 100.0, "percent_covered_display": "100", "missing_lines": 0, "excluded_lines": 3, "percent_statements_covered": 100.0, "percent_statements_covered_display": "100"}, "missing_lines": [], "excluded_lines": [268, 278, 279], "start_line": 1}}, "classes": {"RegistryEntry": {"executed_lines": [41], "summary": {"covered_lines": 1, "num_statements": 1, "percent_covered": 100.0, "percent_covered_display": "100", "missing_lines": 0, "excluded_lines": 0, "percent_statements_covered": 100.0, "percent_statements_covered_display": "100"}, "missing_lines": [], "excluded_lines": [], "start_line": 27}, "": {"executed_lines": [2, 4, 5, 6, 7, 8, 9, 10, 12, 14, 15, 16, 17, 18, 19, 26, 27, 28, 29, 30, 31, 32, 33, 34, 35, 36, 37, 38, 40, 56, 62, 63, 66, 67, 68, 69, 70, 71, 72, 73, 76, 77, 78, 79, 80, 83, 84, 87, 88, 89, 90, 91, 94, 95, 96, 99, 100, 101, 102, 103, 105, 106, 107, 109, 110, 111, 114, 115, 116, 117, 118, 119, 122, 123, 126, 127, 128, 129, 130, 131, 132, 133, 134, 135, 136, 137, 138, 139, 140, 141, 142, 143, 144, 145, 146, 147, 148, 149, 150, 151, 154, 155, 156, 157, 158, 159, 160, 161, 164, 165, 166, 167, 168, 171, 172, 173, 174, 175, 176, 177, 178, 179, 182, 183, 184, 185, 187, 188, 190, 191, 193, 194, 195, 196, 198, 199, 200, 202, 205, 206, 207, 210, 211, 212, 213, 214, 215, 216, 219, 220, 221, 222, 225, 226, 227, 228, 229, 230, 231, 232, 233, 234, 235, 236, 237, 238, 239, 240, 242, 243, 258, 259, 260, 261], "summary": {"covered_lines": 174, "num_statements": 174, "percent_covered": 100.0, "percent_covered_display": "100", "missing_lines": 0, "excluded_lines": 13, "percent_statements_covered": 100.0, "percent_statements_covered_display": "100"}, "missing_lines": [], "excluded_lines": [57, 58, 59, 268, 269, 270, 271, 272, 273, 274, 275, 278, 279], "start_line": 1}}}, "artifacts\\scripts\\classify_existing_tasks.py": {"executed_lines": [11, 13, 14, 15, 16, 17, 18, 19, 21, 22, 23, 26, 28, 29, 32, 38, 39, 41, 42, 43, 46, 51, 52, 53, 55, 56, 58, 59, 60, 62, 63, 64, 65, 68, 69, 70, 71, 72, 73, 74, 76], "summary": {"covered_lines": 41, "num_statements": 41, "percent_covered": 100.0, "percent_covered_display": "100", "missing_lines": 0, "excluded_lines": 58, "percent_statements_covered": 100.0, "percent_statements_covered_display": "100"}, "missing_lines": [], "excluded_lines": [79, 80, 81, 82, 83, 84, 85, 86, 87, 88, 89, 90, 91, 92, 93, 94, 95, 96, 97, 98, 99, 100, 101, 102, 103, 104, 105, 106, 107, 108, 109, 110, 111, 112, 113, 114, 115, 116, 117, 118, 119, 120, 121, 122, 123, 124, 125, 126, 127, 128, 129, 130, 131, 132, 133, 134, 137, 138], "functions": {"extract_risks_section": {"executed_lines": [28, 29], "summary": {"covered_lines": 2, "num_statements": 2, "percent_covered": 100.0, "percent_covered_display": "100", "missing_lines": 0, "excluded_lines": 0, "percent_statements_covered": 100.0, "percent_statements_covered_display": "100"}, "missing_lines": [], "excluded_lines": [], "start_line": 26}, "parse_severities": {"executed_lines": [38, 39, 41, 42, 43], "summary": {"covered_lines": 5, "num_statements": 5, "percent_covered": 100.0, "percent_covered_display": "100", "missing_lines": 0, "excluded_lines": 0, "percent_statements_covered": 100.0, "percent_statements_covered_display": "100"}, "missing_lines": [], "excluded_lines": [], "start_line": 32}, "classify_task": {"executed_lines": [51, 52, 53, 55, 56, 58, 59, 60, 62, 63, 64, 65, 68, 69, 70, 71, 72, 73, 74, 76], "summary": {"covered_lines": 20, "num_statements": 20, "percent_covered": 100.0, "percent_covered_display": "100", "missing_lines": 0, "excluded_lines": 0, "percent_statements_covered": 100.0, "percent_statements_covered_display": "100"}, "missing_lines": [], "excluded_lines": [], "start_line": 46}, "main": {"executed_lines": [], "summary": {"covered_lines": 0, "num_statements": 0, "percent_covered": 100.0, "percent_covered_display": "100", "missing_lines": 0, "excluded_lines": 55, "percent_statements_covered": 100.0, "percent_statements_covered_display": "100"}, "missing_lines": [], "excluded_lines": [80, 81, 82, 83, 84, 85, 86, 87, 88, 89, 90, 91, 92, 93, 94, 95, 96, 97, 98, 99, 100, 101, 102, 103, 104, 105, 106, 107, 108, 109, 110, 111, 112, 113, 114, 115, 116, 117, 118, 119, 120, 121, 122, 123, 124, 125, 126, 127, 128, 129, 130, 131, 132, 133, 134], "start_line": 79}, "": {"executed_lines": [11, 13, 14, 15, 16, 17, 18, 19, 21, 22, 23, 26, 32, 46], "summary": {"covered_lines": 14, "num_statements": 14, "percent_covered": 100.0, "percent_covered_display": "100", "missing_lines": 0, "excluded_lines": 3, "percent_statements_covered": 100.0, "percent_statements_covered_display": "100"}, "missing_lines": [], "excluded_lines": [79, 137, 138], "start_line": 1}}, "classes": {"": {"executed_lines": [11, 13, 14, 15, 16, 17, 18, 19, 21, 22, 23, 26, 28, 29, 32, 38, 39, 41, 42, 43, 46, 51, 52, 53, 55, 56, 58, 59, 60, 62, 63, 64, 65, 68, 69, 70, 71, 72, 73, 74, 76], "summary": {"covered_lines": 41, "num_statements": 41, "percent_covered": 100.0, "percent_covered_display": "100", "missing_lines": 0, "excluded_lines": 58, "percent_statements_covered": 100.0, "percent_statements_covered_display": "100"}, "missing_lines": [], "excluded_lines": [79, 80, 81, 82, 83, 84, 85, 86, 87, 88, 89, 90, 91, 92, 93, 94, 95, 96, 97, 98, 99, 100, 101, 102, 103, 104, 105, 106, 107, 108, 109, 110, 111, 112, 113, 114, 115, 116, 117, 118, 119, 120, 121, 122, 123, 124, 125, 126, 127, 128, 129, 130, 131, 132, 133, 134, 137, 138], "start_line": 1}}}, "artifacts\\scripts\\discover_templates.py": {"executed_lines": [2, 4, 5, 6, 7, 8, 9, 11, 12, 13, 14, 19, 21, 23, 26, 27, 28, 29, 30, 31, 32, 33, 34, 37, 39, 40, 41, 42, 43, 46, 52, 53, 54, 55, 56, 58, 59, 60, 61, 63, 64, 65, 66, 67, 78], "summary": {"covered_lines": 45, "num_statements": 45, "percent_covered": 100.0, "percent_covered_display": "100", "missing_lines": 0, "excluded_lines": 24, "percent_statements_covered": 100.0, "percent_statements_covered_display": "100"}, "missing_lines": [], "excluded_lines": [81, 82, 83, 84, 85, 86, 87, 88, 89, 90, 91, 92, 93, 94, 95, 96, 97, 98, 99, 100, 101, 102, 105, 106], "functions": {"parse_frontmatter": {"executed_lines": [39, 40, 41, 42, 43], "summary": {"covered_lines": 5, "num_statements": 5, "percent_covered": 100.0, "percent_covered_display": "100", "missing_lines": 0, "excluded_lines": 0, "percent_statements_covered": 100.0, "percent_statements_covered_display": "100"}, "missing_lines": [], "excluded_lines": [], "start_line": 37}, "discover": {"executed_lines": [52, 53, 54, 55, 56, 58, 59, 60, 61, 63, 64, 65, 66, 67, 78], "summary": {"covered_lines": 15, "num_statements": 15, "percent_covered": 100.0, "percent_covered_display": "100", "missing_lines": 0, "excluded_lines": 0, "percent_statements_covered": 100.0, "percent_statements_covered_display": "100"}, "missing_lines": [], "excluded_lines": [], "start_line": 46}, "main": {"executed_lines": [], "summary": {"covered_lines": 0, "num_statements": 0, "percent_covered": 100.0, "percent_covered_display": "100", "missing_lines": 0, "excluded_lines": 21, "percent_statements_covered": 100.0, "percent_statements_covered_display": "100"}, "missing_lines": [], "excluded_lines": [82, 83, 84, 85, 86, 87, 88, 89, 90, 91, 92, 93, 94, 95, 96, 97, 98, 99, 100, 101, 102], "start_line": 81}, "": {"executed_lines": [2, 4, 5, 6, 7, 8, 9, 11, 12, 13, 14, 19, 21, 23, 26, 27, 28, 29, 30, 31, 32, 33, 34, 37, 46], "summary": {"covered_lines": 25, "num_statements": 25, "percent_covered": 100.0, "percent_covered_display": "100", "missing_lines": 0, "excluded_lines": 3, "percent_statements_covered": 100.0, "percent_statements_covered_display": "100"}, "missing_lines": [], "excluded_lines": [81, 105, 106], "start_line": 1}}, "classes": {"TemplateInfo": {"executed_lines": [], "summary": {"covered_lines": 0, "num_statements": 0, "percent_covered": 100.0, "percent_covered_display": "100", "missing_lines": 0, "excluded_lines": 0, "percent_statements_covered": 100.0, "percent_statements_covered_display": "100"}, "missing_lines": [], "excluded_lines": [], "start_line": 27}, "": {"executed_lines": [2, 4, 5, 6, 7, 8, 9, 11, 12, 13, 14, 19, 21, 23, 26, 27, 28, 29, 30, 31, 32, 33, 34, 37, 39, 40, 41, 42, 43, 46, 52, 53, 54, 55, 56, 58, 59, 60, 61, 63, 64, 65, 66, 67, 78], "summary": {"covered_lines": 45, "num_statements": 45, "percent_covered": 100.0, "percent_covered_display": "100", "missing_lines": 0, "excluded_lines": 24, "percent_statements_covered": 100.0, "percent_statements_covered_display": "100"}, "missing_lines": [], "excluded_lines": [81, 82, 83, 84, 85, 86, 87, 88, 89, 90, 91, 92, 93, 94, 95, 96, 97, 98, 99, 100, 101, 102, 105, 106], "start_line": 1}}}, "artifacts\\scripts\\guard_contract_validator.py": {"executed_lines": [2, 4, 5, 6, 7, 8, 9, 11, 12, 14, 15, 16, 18, 47, 62, 79, 92, 94, 100, 109, 114, 119, 130, 136, 145, 164, 183, 193, 294, 352, 353, 356, 357, 358, 359, 360, 361, 364, 365, 366, 369, 370, 371, 372, 382, 383, 384, 385, 386, 387, 388, 389, 390, 391, 392, 393, 394, 395, 396, 397, 400, 401, 402, 403, 404, 405, 406, 407, 408, 409, 410, 411, 412, 415, 416, 421, 422, 423, 424, 425, 426, 427, 428, 429, 430, 431, 432, 433, 434, 435, 438, 439, 440, 441, 442, 443, 447, 450, 451, 452, 453, 458, 459, 460, 461, 462, 463, 464, 465, 466, 467, 469, 470, 472, 473, 475, 476, 477, 479, 480, 481, 482, 483, 484, 485, 486, 487, 488, 489, 490, 491, 492, 493, 496, 498, 501, 502, 503, 504, 505, 507, 508, 509, 510, 511, 512, 513, 514, 515, 516, 517, 519, 520, 521, 524, 525, 528, 529, 532, 538, 539, 540, 541, 542, 544, 545, 546, 547, 548, 549, 550, 551, 552, 553, 554, 555, 556, 557, 560, 561, 562, 564, 565, 566, 567, 568, 569, 570, 571, 572, 573, 581, 584, 586, 587, 589, 590, 592, 593, 594, 595, 597, 598, 599, 600, 601, 605, 606, 607, 609, 610, 611, 612, 614, 615, 616, 617, 618, 622, 625, 626, 627, 629, 630, 631, 632, 633, 634, 635, 636, 637, 638, 639, 640, 641, 643, 646, 647, 650, 651, 652, 658, 659, 660, 661, 662, 663, 664, 665, 666, 667, 669, 670, 671, 672, 673, 674, 675, 676, 677, 678, 679], "summary": {"covered_lines": 262, "num_statements": 262, "percent_covered": 100.0, "percent_covered_display": "100", "missing_lines": 0, "excluded_lines": 29, "percent_statements_covered": 100.0, "percent_statements_covered_display": "100"}, "missing_lines": [], "excluded_lines": [682, 683, 684, 685, 686, 687, 688, 689, 690, 691, 692, 693, 694, 695, 696, 697, 698, 699, 700, 701, 702, 703, 704, 705, 706, 707, 708, 711, 712], "functions": {"load_text": {"executed_lines": [353], "summary": {"covered_lines": 1, "num_statements": 1, "percent_covered": 100.0, "percent_covered_display": "100", "missing_lines": 0, "excluded_lines": 0, "percent_statements_covered": 100.0, "percent_statements_covered_display": "100"}, "missing_lines": [], "excluded_lines": [], "start_line": 352}, "normalize_text": {"executed_lines": [357, 358, 359, 360, 361], "summary": {"covered_lines": 5, "num_statements": 5, "percent_covered": 100.0, "percent_covered_display": "100", "missing_lines": 0, "excluded_lines": 0, "percent_statements_covered": 100.0, "percent_statements_covered_display": "100"}, "missing_lines": [], "excluded_lines": [], "start_line": 356}, "detect_repo_mode": {"executed_lines": [365, 366], "summary": {"covered_lines": 2, "num_statements": 2, "percent_covered": 100.0, "percent_covered_display": "100", "missing_lines": 0, "excluded_lines": 0, "percent_statements_covered": 100.0, "percent_statements_covered_display": "100"}, "missing_lines": [], "excluded_lines": [], "start_line": 364}, "required_phrases_for_mode": {"executed_lines": [370, 371, 372], "summary": {"covered_lines": 3, "num_statements": 3, "percent_covered": 100.0, "percent_covered_display": "100", "missing_lines": 0, "excluded_lines": 0, "percent_statements_covered": 100.0, "percent_statements_covered_display": "100"}, "missing_lines": [], "excluded_lines": [], "start_line": 369}, "validate_exact_sync": {"executed_lines": [383, 384, 385, 386, 387, 388, 389, 390, 391, 392, 393, 394, 395, 396, 397], "summary": {"covered_lines": 15, "num_statements": 15, "percent_covered": 100.0, "percent_covered_display": "100", "missing_lines": 0, "excluded_lines": 0, "percent_statements_covered": 100.0, "percent_statements_covered_display": "100"}, "missing_lines": [], "excluded_lines": [], "start_line": 382}, "validate_required_phrases": {"executed_lines": [401, 402, 403, 404, 405, 406, 407, 408, 409, 410, 411, 412], "summary": {"covered_lines": 12, "num_statements": 12, "percent_covered": 100.0, "percent_covered_display": "100", "missing_lines": 0, "excluded_lines": 0, "percent_statements_covered": 100.0, "percent_statements_covered_display": "100"}, "missing_lines": [], "excluded_lines": [], "start_line": 400}, "detect_changed_files": {"executed_lines": [416, 421, 422, 423, 424, 425, 426, 427, 428, 429, 430, 431, 432, 433, 434, 435], "summary": {"covered_lines": 16, "num_statements": 16, "percent_covered": 100.0, "percent_covered_display": "100", "missing_lines": 0, "excluded_lines": 0, "percent_statements_covered": 100.0, "percent_statements_covered_display": "100"}, "missing_lines": [], "excluded_lines": [], "start_line": 415}, "validate_prompt_case_sync": {"executed_lines": [439, 440, 441, 442, 443, 447], "summary": {"covered_lines": 6, "num_statements": 6, "percent_covered": 100.0, "percent_covered_display": "100", "missing_lines": 0, "excluded_lines": 0, "percent_statements_covered": 100.0, "percent_statements_covered_display": "100"}, "missing_lines": [], "excluded_lines": [], "start_line": 438}, "validate_repository_profile": {"executed_lines": [451, 452, 453, 458, 459, 460, 461, 462, 463, 464, 465, 466, 467, 469, 470, 472, 473, 475, 476, 477, 479, 480, 481, 482, 483, 484, 485, 486, 487, 488, 489, 490, 491, 492, 493], "summary": {"covered_lines": 35, "num_statements": 35, "percent_covered": 100.0, "percent_covered_display": "100", "missing_lines": 0, "excluded_lines": 0, "percent_statements_covered": 100.0, "percent_statements_covered_display": "100"}, "missing_lines": [], "excluded_lines": [], "start_line": 450}, "extract_h2_headers": {"executed_lines": [498], "summary": {"covered_lines": 1, "num_statements": 1, "percent_covered": 100.0, "percent_covered_display": "100", "missing_lines": 0, "excluded_lines": 0, "percent_statements_covered": 100.0, "percent_statements_covered_display": "100"}, "missing_lines": [], "excluded_lines": [], "start_line": 496}, "parse_h2_sections": {"executed_lines": [502, 503, 504, 505, 507, 508, 509, 510, 511, 512, 513, 514, 515, 516, 517, 519, 520, 521], "summary": {"covered_lines": 18, "num_statements": 18, "percent_covered": 100.0, "percent_covered_display": "100", "missing_lines": 0, "excluded_lines": 0, "percent_statements_covered": 100.0, "percent_statements_covered_display": "100"}, "missing_lines": [], "excluded_lines": [], "start_line": 501}, "squeeze_whitespace": {"executed_lines": [525], "summary": {"covered_lines": 1, "num_statements": 1, "percent_covered": 100.0, "percent_covered_display": "100", "missing_lines": 0, "excluded_lines": 0, "percent_statements_covered": 100.0, "percent_statements_covered_display": "100"}, "missing_lines": [], "excluded_lines": [], "start_line": 524}, "contains_phrase": {"executed_lines": [529], "summary": {"covered_lines": 1, "num_statements": 1, "percent_covered": 100.0, "percent_covered_display": "100", "missing_lines": 0, "excluded_lines": 0, "percent_statements_covered": 100.0, "percent_statements_covered_display": "100"}, "missing_lines": [], "excluded_lines": [], "start_line": 528}, "validate_section_contract": {"executed_lines": [538, 539, 540, 541, 542, 544, 545, 546, 547, 548, 549, 550, 551, 552, 553, 554, 555, 556, 557], "summary": {"covered_lines": 19, "num_statements": 19, "percent_covered": 100.0, "percent_covered_display": "100", "missing_lines": 0, "excluded_lines": 0, "percent_statements_covered": 100.0, "percent_statements_covered_display": "100"}, "missing_lines": [], "excluded_lines": [], "start_line": 532}, "validate_markdown_contracts": {"executed_lines": [561, 562, 564, 565, 566, 567, 568, 569, 570, 571, 572, 573, 581], "summary": {"covered_lines": 13, "num_statements": 13, "percent_covered": 100.0, "percent_covered_display": "100", "missing_lines": 0, "excluded_lines": 0, "percent_statements_covered": 100.0, "percent_statements_covered_display": "100"}, "missing_lines": [], "excluded_lines": [], "start_line": 560}, "validate_readme_structure": {"executed_lines": [586, 587, 589, 590, 592, 593, 594, 595, 597, 598, 599, 600, 601, 605, 606, 607, 609, 610, 611, 612, 614, 615, 616, 617, 618, 622], "summary": {"covered_lines": 26, "num_statements": 26, "percent_covered": 100.0, "percent_covered_display": "100", "missing_lines": 0, "excluded_lines": 0, "percent_statements_covered": 100.0, "percent_statements_covered_display": "100"}, "missing_lines": [], "excluded_lines": [], "start_line": 584}, "validate_allowed_gemini_models": {"executed_lines": [626, 627, 629, 630, 631, 632, 633, 634, 635, 636, 637, 638, 639, 640, 641, 643], "summary": {"covered_lines": 16, "num_statements": 16, "percent_covered": 100.0, "percent_covered_display": "100", "missing_lines": 0, "excluded_lines": 0, "percent_statements_covered": 100.0, "percent_statements_covered_display": "100"}, "missing_lines": [], "excluded_lines": [], "start_line": 625}, "validate_workflow_policy_contract": {"executed_lines": [647], "summary": {"covered_lines": 1, "num_statements": 1, "percent_covered": 100.0, "percent_covered_display": "100", "missing_lines": 0, "excluded_lines": 0, "percent_statements_covered": 100.0, "percent_statements_covered_display": "100"}, "missing_lines": [], "excluded_lines": [], "start_line": 646}, "validate_root_artifact_strictness": {"executed_lines": [651, 652, 658, 659, 660, 661, 662, 663, 664, 665, 666, 667, 669, 670, 671, 672, 673, 674, 675, 676, 677, 678, 679], "summary": {"covered_lines": 23, "num_statements": 23, "percent_covered": 100.0, "percent_covered_display": "100", "missing_lines": 0, "excluded_lines": 0, "percent_statements_covered": 100.0, "percent_statements_covered_display": "100"}, "missing_lines": [], "excluded_lines": [], "start_line": 650}, "main": {"executed_lines": [], "summary": {"covered_lines": 0, "num_statements": 0, "percent_covered": 100.0, "percent_covered_display": "100", "missing_lines": 0, "excluded_lines": 26, "percent_statements_covered": 100.0, "percent_statements_covered_display": "100"}, "missing_lines": [], "excluded_lines": [683, 684, 685, 686, 687, 688, 689, 690, 691, 692, 693, 694, 695, 696, 697, 698, 699, 700, 701, 702, 703, 704, 705, 706, 707, 708], "start_line": 682}, "": {"executed_lines": [2, 4, 5, 6, 7, 8, 9, 11, 12, 14, 15, 16, 18, 47, 62, 79, 92, 94, 100, 109, 114, 119, 130, 136, 145, 164, 183, 193, 294, 352, 356, 364, 369, 382, 400, 415, 438, 450, 496, 501, 524, 528, 532, 560, 584, 625, 646, 650], "summary": {"covered_lines": 48, "num_statements": 48, "percent_covered": 100.0, "percent_covered_display": "100", "missing_lines": 0, "excluded_lines": 3, "percent_statements_covered": 100.0, "percent_statements_covered_display": "100"}, "missing_lines": [], "excluded_lines": [682, 711, 712], "start_line": 1}}, "classes": {"": {"executed_lines": [2, 4, 5, 6, 7, 8, 9, 11, 12, 14, 15, 16, 18, 47, 62, 79, 92, 94, 100, 109, 114, 119, 130, 136, 145, 164, 183, 193, 294, 352, 353, 356, 357, 358, 359, 360, 361, 364, 365, 366, 369, 370, 371, 372, 382, 383, 384, 385, 386, 387, 388, 389, 390, 391, 392, 393, 394, 395, 396, 397, 400, 401, 402, 403, 404, 405, 406, 407, 408, 409, 410, 411, 412, 415, 416, 421, 422, 423, 424, 425, 426, 427, 428, 429, 430, 431, 432, 433, 434, 435, 438, 439, 440, 441, 442, 443, 447, 450, 451, 452, 453, 458, 459, 460, 461, 462, 463, 464, 465, 466, 467, 469, 470, 472, 473, 475, 476, 477, 479, 480, 481, 482, 483, 484, 485, 486, 487, 488, 489, 490, 491, 492, 493, 496, 498, 501, 502, 503, 504, 505, 507, 508, 509, 510, 511, 512, 513, 514, 515, 516, 517, 519, 520, 521, 524, 525, 528, 529, 532, 538, 539, 540, 541, 542, 544, 545, 546, 547, 548, 549, 550, 551, 552, 553, 554, 555, 556, 557, 560, 561, 562, 564, 565, 566, 567, 568, 569, 570, 571, 572, 573, 581, 584, 586, 587, 589, 590, 592, 593, 594, 595, 597, 598, 599, 600, 601, 605, 606, 607, 609, 610, 611, 612, 614, 615, 616, 617, 618, 622, 625, 626, 627, 629, 630, 631, 632, 633, 634, 635, 636, 637, 638, 639, 640, 641, 643, 646, 647, 650, 651, 652, 658, 659, 660, 661, 662, 663, 664, 665, 666, 667, 669, 670, 671, 672, 673, 674, 675, 676, 677, 678, 679], "summary": {"covered_lines": 262, "num_statements": 262, "percent_covered": 100.0, "percent_covered_display": "100", "missing_lines": 0, "excluded_lines": 29, "percent_statements_covered": 100.0, "percent_statements_covered_display": "100"}, "missing_lines": [], "excluded_lines": [682, 683, 684, 685, 686, 687, 688, 689, 690, 691, 692, 693, 694, 695, 696, 697, 698, 699, 700, 701, 702, 703, 704, 705, 706, 707, 708, 711, 712], "start_line": 1}}}, "artifacts\\scripts\\guard_status_validator.py": {"executed_lines": [2, 4, 5, 6, 7, 8, 9, 10, 11, 12, 13, 14, 15, 16, 17, 19, 36, 37, 39, 40, 41, 51, 62, 73, 83, 93, 104, 105, 106, 107, 108, 109, 113, 114, 115, 116, 117, 118, 119, 120, 121, 122, 123, 124, 125, 126, 127, 128, 134, 135, 136, 137, 140, 141, 145, 146, 147, 148, 149, 150, 151, 152, 153, 160, 161, 164, 165, 166, 167, 168, 169, 172, 178, 185, 186, 187, 188, 189, 191, 192, 193, 196, 197, 198, 199, 200, 201, 204, 205, 206, 207, 210, 211, 212, 213, 216, 217, 220, 221, 222, 223, 226, 227, 228, 229, 230, 233, 234, 235, 236, 237, 238, 239, 240, 241, 242, 243, 244, 245, 248, 249, 250, 251, 252, 253, 254, 257, 258, 259, 260, 261, 262, 263, 266, 267, 270, 271, 274, 275, 276, 277, 278, 279, 280, 281, 284, 285, 288, 289, 290, 291, 292, 293, 294, 295, 296, 297, 298, 299, 300, 301, 304, 305, 306, 309, 310, 311, 312, 313, 314, 315, 318, 319, 320, 321, 322, 323, 324, 325, 326, 327, 328, 329, 330, 331, 332, 333, 335, 336, 337, 338, 341, 342, 343, 344, 345, 346, 347, 348, 351, 352, 353, 354, 355, 356, 357, 358, 359, 360, 361, 362, 365, 366, 367, 368, 369, 370, 371, 372, 373, 376, 377, 378, 381, 382, 383, 384, 385, 386, 387, 388, 389, 392, 393, 394, 397, 398, 401, 402, 405, 406, 407, 408, 409, 415, 416, 417, 420, 421, 422, 425, 426, 427, 431, 432, 433, 434, 435, 438, 439, 440, 444, 445, 446, 447, 448, 451, 452, 453, 456, 457, 458, 459, 460, 461, 464, 470, 471, 472, 475, 476, 477, 480, 481, 482, 483, 484, 485, 486, 487, 488, 489, 490, 491, 492, 493, 494, 495, 496, 499, 500, 501, 502, 503, 504, 505, 508, 509, 510, 511, 512, 513, 514, 515, 516, 517, 518, 519, 520, 521, 524, 525, 526, 527, 528, 529, 530, 531, 532, 533, 534, 535, 536, 541, 544, 545, 546, 547, 548, 549, 552, 553, 554, 555, 556, 557, 558, 559, 560, 561, 562, 563, 564, 565, 566, 567, 568, 569, 570, 571, 574, 575, 576, 580, 581, 582, 583, 584, 585, 586, 587, 588, 589, 590, 591, 592, 593, 594, 595, 596, 597, 598, 599, 600, 601, 602, 603, 607, 610, 611, 612, 613, 614, 615, 616, 617, 618, 619, 620, 625, 626, 627, 628, 629, 633, 634, 635, 636, 637, 638, 639, 640, 641, 642, 643, 644, 645, 646, 647, 648, 649, 650, 651, 652, 653, 654, 655, 656, 657, 658, 659, 660, 661, 662, 663, 664, 665, 666, 667, 670, 671, 672, 673, 674, 675, 676, 677, 678, 679, 680, 681, 684, 685, 686, 687, 690, 691, 694, 695, 696, 697, 698, 699, 700, 701, 702, 703, 704, 707, 708, 709, 710, 711, 712, 715, 716, 717, 718, 719, 722, 723, 724, 725, 726, 727, 730, 731, 732, 733, 734, 735, 736, 739, 740, 741, 742, 747, 748, 749, 750, 751, 752, 753, 754, 755, 756, 757, 758, 759, 760, 763, 764, 765, 766, 767, 768, 769, 770, 771, 772, 773, 774, 775, 776, 777, 780, 781, 782, 783, 784, 785, 786, 787, 788, 789, 792, 793, 794, 795, 796, 797, 798, 799, 800, 801, 804, 805, 806, 807, 808, 809, 810, 811, 812, 813, 814, 815, 820, 821, 822, 823, 824, 827, 828, 829, 830, 833, 834, 837, 838, 839, 840, 841, 842, 843, 844, 845, 846, 847, 848, 851, 852, 853, 854, 855, 856, 857, 858, 859, 860, 863, 864, 865, 866, 867, 868, 869, 870, 871, 872, 873, 874, 875, 876, 879, 880, 882, 883, 884, 885, 886, 887, 888, 889, 890, 893, 894, 895, 896, 897, 898, 899, 900, 901, 902, 903, 904, 905, 906, 909, 910, 911, 912, 913, 914, 917, 918, 919, 920, 921, 922, 923, 926, 927, 928, 929, 930, 933, 934, 935, 936, 937, 938, 941, 942, 943, 944, 945, 946, 952, 953, 954, 955, 956, 957, 958, 959, 960, 961, 962, 963, 971, 972, 975, 976, 979, 980, 981, 982, 983, 984, 985, 986, 989, 990, 993, 994, 995, 996, 997, 998, 999, 1007, 1008, 1011, 1012, 1013, 1015, 1016, 1017, 1018, 1019, 1020, 1021, 1022, 1023, 1025, 1026, 1027, 1028, 1029, 1031, 1032, 1033, 1034, 1035, 1036, 1037, 1038, 1039, 1040, 1041, 1043, 1046, 1047, 1050, 1051, 1052, 1053, 1054, 1055, 1056, 1057, 1058, 1059, 1060, 1061, 1062, 1063, 1064, 1065, 1072, 1078, 1079, 1085, 1088, 1089, 1090, 1091, 1092, 1093, 1094, 1095, 1096, 1097, 1098, 1099, 1100, 1101, 1102, 1103, 1104, 1105, 1106, 1107, 1108, 1109, 1110, 1111, 1112, 1114, 1125, 1126, 1127, 1128, 1129, 1130, 1131, 1132, 1133, 1134, 1135, 1137, 1138, 1139, 1141, 1142, 1143, 1147, 1148, 1149, 1151, 1152, 1153, 1157, 1158, 1159, 1160, 1161, 1162, 1168, 1169, 1170, 1175, 1176, 1177, 1181, 1182, 1187, 1188, 1189, 1190, 1191, 1192, 1193, 1194, 1196, 1197, 1198, 1199, 1200, 1201, 1202, 1207, 1208, 1211, 1212, 1213, 1214, 1217, 1218, 1221, 1222, 1223, 1226, 1227, 1228, 1229, 1231, 1232, 1233, 1234, 1235, 1236, 1237, 1240, 1241, 1242, 1248, 1249, 1252, 1253, 1254, 1255, 1256, 1257, 1258, 1259, 1260, 1261, 1262, 1263, 1264, 1265, 1266, 1267, 1268, 1269, 1270, 1271, 1272, 1273, 1274, 1275, 1276, 1277, 1278, 1281, 1284, 1285, 1286, 1287, 1288, 1289, 1290, 1291, 1292, 1293, 1294, 1295, 1296, 1297, 1298, 1299, 1301, 1302, 1303, 1304, 1305, 1306, 1309, 1310, 1311, 1312, 1313, 1314, 1315, 1317, 1318, 1319, 1320, 1321, 1322, 1323, 1324, 1325, 1326, 1327, 1328, 1329, 1330, 1333, 1334, 1335, 1336, 1337, 1338, 1339, 1340, 1341, 1342, 1343, 1344, 1349, 1352, 1353, 1354, 1355, 1356, 1357, 1358, 1359, 1360, 1361, 1364, 1365, 1366, 1367, 1368, 1369, 1370, 1371, 1372, 1373, 1374, 1375, 1376, 1379, 1385, 1386, 1387, 1388, 1389, 1390, 1391, 1392, 1393, 1394, 1395, 1409, 1415, 1416, 1417, 1418, 1419, 1420, 1421, 1422, 1423, 1424, 1425, 1426, 1427, 1428, 1429, 1431, 1432, 1433, 1434, 1435, 1438, 1439, 1440, 1443, 1444, 1447, 1448, 1449, 1452, 1453, 1454, 1457, 1458, 1459, 1460, 1461, 1463, 1464, 1465, 1469, 1479, 1480, 1481, 1482, 1483, 1485, 1486, 1487, 1490, 1491, 1494, 1495, 1496, 1499, 1502, 1503, 1504, 1505, 1506, 1507, 1508, 1509, 1510, 1511, 1512, 1513, 1514, 1515, 1516, 1517, 1518, 1519, 1520, 1521, 1522, 1523, 1525, 1526, 1527, 1528, 1529, 1530, 1532, 1533, 1534, 1535, 1536, 1537, 1538, 1539, 1540, 1541, 1542, 1543, 1544, 1545, 1546, 1547, 1548, 1549, 1550, 1551, 1552, 1553, 1554, 1555, 1556, 1562, 1563, 1564, 1565, 1566, 1567, 1568, 1569, 1570, 1571, 1572, 1575, 1576, 1577, 1580, 1581, 1582, 1585, 1586, 1587, 1588, 1589, 1590, 1593, 1594, 1595, 1596, 1597, 1598, 1599, 1600, 1601, 1604, 1605, 1606, 1607, 1610, 1611, 1612, 1613, 1614, 1615, 1616, 1617, 1618, 1619, 1620, 1621, 1622, 1623, 1624, 1628, 1629, 1630, 1631, 1632, 1633, 1634, 1635, 1636, 1637, 1641, 1642, 1643, 1644, 1645, 1646, 1649, 1650, 1653, 1660, 1661, 1662, 1663, 1666, 1672, 1673, 1674, 1675, 1682, 1683, 1686, 1687, 1690, 1691, 1692, 1693, 1694, 1695, 1696, 1697, 1698, 1707, 1708, 1709, 1715, 1716, 1717, 1718, 1719, 1720, 1721, 1724, 1725, 1726, 1729, 1731, 1732, 1733, 1734, 1742, 1743, 1744, 1745, 1746, 1747, 1750, 1751, 1752, 1753, 1754, 1755, 1756, 1757, 1758, 1759, 1760, 1761, 1762, 1763, 1764, 1765, 1766, 1767, 1768, 1770, 1771, 1772, 1773, 1777, 1778, 1779, 1780, 1781, 1782, 1785, 1786, 1789, 1797, 1798, 1799, 1800, 1801, 1802, 1803, 1804, 1811, 1812, 1813, 1814, 1815, 1816, 1817, 1818, 1819, 1820, 1821, 1822, 1823, 1824, 1825, 1826, 1827, 1828, 1829, 1830, 1831, 1832, 1833, 1839, 1840, 1841, 1842, 1843, 1847, 1848, 1849, 1850, 1854, 1855, 1856, 1857, 1858, 1859, 1860, 1861, 1862, 1864, 1865, 1866, 1867, 1868, 1869, 1870, 1871, 1872, 1876, 1877, 1879, 1880, 1881, 1882, 1883, 1884, 1885, 1886, 1887, 1889, 1890, 1892, 1893, 1894, 1895, 1896, 1898, 1899, 1900, 1901, 1902, 1903, 1904, 1905, 1906, 1907, 1908, 1911, 1912, 1913, 1914, 1915, 1916, 1917, 1918, 1919, 1920, 1921, 1922, 1923, 1924, 1925, 1926, 1927, 1928, 1929, 1930, 1931, 1932, 1933, 1934, 1935, 1936, 1939, 1945, 1946, 1947, 1948, 1949, 1950, 1951, 1952, 1953, 1954, 1955, 1963, 1964, 1965, 1968, 1969, 1970, 1971, 1972, 1975, 1976, 1977, 1978, 1979, 1980, 1981, 1982, 1983, 1993, 1994, 1995, 1996, 1997, 1998, 1999, 2000, 2001, 2002, 2003, 2004, 2007, 2008, 2009, 2010, 2011, 2012, 2013, 2014, 2015, 2016, 2017, 2018, 2019, 2020, 2023, 2024, 2025, 2026, 2027, 2028, 2029, 2030, 2031, 2034, 2035, 2036, 2037, 2039, 2040, 2041, 2042, 2044, 2045, 2046, 2047, 2048, 2049, 2050, 2051, 2052, 2054, 2055, 2057, 2058, 2059, 2062, 2063, 2064, 2065, 2066, 2067, 2068, 2069, 2070, 2073, 2074, 2075, 2076, 2077, 2078, 2079, 2080, 2083, 2084, 2085, 2086, 2094, 2095, 2096, 2097, 2098, 2101, 2102, 2103, 2104, 2105, 2106, 2107, 2108, 2109, 2110, 2111, 2112, 2113, 2114, 2115, 2116, 2117, 2118, 2121, 2129, 2130, 2131, 2132, 2133, 2134, 2135, 2136, 2137, 2138, 2139, 2140, 2148, 2149, 2150, 2151, 2152, 2153, 2154, 2155, 2162, 2163, 2164, 2165, 2166, 2167, 2168, 2169, 2171, 2172, 2173, 2174, 2175, 2176, 2177, 2178, 2182, 2183, 2186, 2187, 2188, 2189, 2190, 2193, 2194, 2195, 2196, 2197, 2198, 2199, 2200, 2201, 2202, 2205, 2211, 2213, 2214, 2215, 2217, 2218, 2219, 2222, 2223, 2224, 2225, 2226, 2227, 2228, 2230, 2231, 2232, 2234, 2236, 2239, 2240, 2241, 2242, 2243, 2246, 2247, 2248, 2249, 2250, 2252, 2255], "summary": {"covered_lines": 1554, "num_statements": 1554, "percent_covered": 100.0, "percent_covered_display": "100", "missing_lines": 0, "excluded_lines": 89, "percent_statements_covered": 100.0, "percent_statements_covered_display": "100"}, "missing_lines": [], "excluded_lines": [2256, 2257, 2258, 2259, 2260, 2261, 2262, 2267, 2272, 2277, 2278, 2279, 2280, 2285, 2288, 2289, 2290, 2291, 2292, 2293, 2294, 2295, 2296, 2297, 2298, 2299, 2300, 2301, 2302, 2303, 2304, 2305, 2306, 2307, 2308, 2309, 2310, 2311, 2312, 2313, 2314, 2315, 2316, 2317, 2318, 2319, 2320, 2321, 2322, 2323, 2324, 2325, 2326, 2327, 2328, 2329, 2330, 2331, 2332, 2333, 2334, 2335, 2336, 2337, 2338, 2339, 2340, 2341, 2342, 2343, 2344, 2345, 2346, 2347, 2348, 2349, 2350, 2351, 2352, 2353, 2354, 2355, 2356, 2357, 2358, 2359, 2360, 2363, 2364], "functions": {"ValidationResult.ok": {"executed_lines": [193], "summary": {"covered_lines": 1, "num_statements": 1, "percent_covered": 100.0, "percent_covered_display": "100", "missing_lines": 0, "excluded_lines": 0, "percent_statements_covered": 100.0, "percent_statements_covered_display": "100"}, "missing_lines": [], "excluded_lines": [], "start_line": 192}, "artifact_path": {"executed_lines": [221, 222, 223], "summary": {"covered_lines": 3, "num_statements": 3, "percent_covered": 100.0, "percent_covered_display": "100", "missing_lines": 0, "excluded_lines": 0, "percent_statements_covered": 100.0, "percent_statements_covered_display": "100"}, "missing_lines": [], "excluded_lines": [], "start_line": 220}, "find_artifact_paths": {"executed_lines": [227, 228, 229, 230], "summary": {"covered_lines": 4, "num_statements": 4, "percent_covered": 100.0, "percent_covered_display": "100", "missing_lines": 0, "excluded_lines": 0, "percent_statements_covered": 100.0, "percent_statements_covered_display": "100"}, "missing_lines": [], "excluded_lines": [], "start_line": 226}, "read_bounded_file": {"executed_lines": [234, 235, 236, 237, 238, 239, 240, 241, 242, 243, 244, 245], "summary": {"covered_lines": 12, "num_statements": 12, "percent_covered": 100.0, "percent_covered_display": "100", "missing_lines": 0, "excluded_lines": 0, "percent_statements_covered": 100.0, "percent_statements_covered_display": "100"}, "missing_lines": [], "excluded_lines": [], "start_line": 233}, "load_json": {"executed_lines": [249, 250, 251, 252, 253, 254], "summary": {"covered_lines": 6, "num_statements": 6, "percent_covered": 100.0, "percent_covered_display": "100", "missing_lines": 0, "excluded_lines": 0, "percent_statements_covered": 100.0, "percent_statements_covered_display": "100"}, "missing_lines": [], "excluded_lines": [], "start_line": 248}, "load_text": {"executed_lines": [258, 259, 260, 261, 262, 263], "summary": {"covered_lines": 6, "num_statements": 6, "percent_covered": 100.0, "percent_covered_display": "100", "missing_lines": 0, "excluded_lines": 0, "percent_statements_covered": 100.0, "percent_statements_covered_display": "100"}, "missing_lines": [], "excluded_lines": [], "start_line": 257}, "current_taipei_timestamp": {"executed_lines": [267], "summary": {"covered_lines": 1, "num_statements": 1, "percent_covered": 100.0, "percent_covered_display": "100", "missing_lines": 0, "excluded_lines": 0, "percent_statements_covered": 100.0, "percent_statements_covered_display": "100"}, "missing_lines": [], "excluded_lines": [], "start_line": 266}, "write_json": {"executed_lines": [271], "summary": {"covered_lines": 1, "num_statements": 1, "percent_covered": 100.0, "percent_covered_display": "100", "missing_lines": 0, "excluded_lines": 0, "percent_statements_covered": 100.0, "percent_statements_covered_display": "100"}, "missing_lines": [], "excluded_lines": [], "start_line": 270}, "parse_taipei_datetime": {"executed_lines": [275, 276, 277, 278, 279, 280, 281], "summary": {"covered_lines": 7, "num_statements": 7, "percent_covered": 100.0, "percent_covered_display": "100", "missing_lines": 0, "excluded_lines": 0, "percent_statements_covered": 100.0, "percent_statements_covered_display": "100"}, "missing_lines": [], "excluded_lines": [], "start_line": 274}, "override_log_path": {"executed_lines": [285], "summary": {"covered_lines": 1, "num_statements": 1, "percent_covered": 100.0, "percent_covered_display": "100", "missing_lines": 0, "excluded_lines": 0, "percent_statements_covered": 100.0, "percent_statements_covered_display": "100"}, "missing_lines": [], "excluded_lines": [], "start_line": 284}, "load_override_log": {"executed_lines": [289, 290, 291, 292, 293, 294, 295, 296, 297, 298, 299, 300, 301], "summary": {"covered_lines": 13, "num_statements": 13, "percent_covered": 100.0, "percent_covered_display": "100", "missing_lines": 0, "excluded_lines": 0, "percent_statements_covered": 100.0, "percent_statements_covered_display": "100"}, "missing_lines": [], "excluded_lines": [], "start_line": 288}, "extract_section": {"executed_lines": [305, 306], "summary": {"covered_lines": 2, "num_statements": 2, "percent_covered": 100.0, "percent_covered_display": "100", "missing_lines": 0, "excluded_lines": 0, "percent_statements_covered": 100.0, "percent_statements_covered_display": "100"}, "missing_lines": [], "excluded_lines": [], "start_line": 304}, "parse_key_value_section": {"executed_lines": [310, 311, 312, 313, 314, 315], "summary": {"covered_lines": 6, "num_statements": 6, "percent_covered": 100.0, "percent_covered_display": "100", "missing_lines": 0, "excluded_lines": 0, "percent_statements_covered": 100.0, "percent_statements_covered_display": "100"}, "missing_lines": [], "excluded_lines": [], "start_line": 309}, "parse_list_items": {"executed_lines": [319, 320, 321, 322, 323, 324, 325, 326, 327, 328, 329, 330, 331, 332, 333, 335, 336, 337, 338], "summary": {"covered_lines": 19, "num_statements": 19, "percent_covered": 100.0, "percent_covered_display": "100", "missing_lines": 0, "excluded_lines": 0, "percent_statements_covered": 100.0, "percent_statements_covered_display": "100"}, "missing_lines": [], "excluded_lines": [], "start_line": 318}, "normalize_path_token": {"executed_lines": [342, 343, 344, 345, 346, 347, 348], "summary": {"covered_lines": 7, "num_statements": 7, "percent_covered": 100.0, "percent_covered_display": "100", "missing_lines": 0, "excluded_lines": 0, "percent_statements_covered": 100.0, "percent_statements_covered_display": "100"}, "missing_lines": [], "excluded_lines": [], "start_line": 341}, "extract_file_tokens": {"executed_lines": [352, 353, 354, 355, 356, 357, 358, 359, 360, 361, 362], "summary": {"covered_lines": 11, "num_statements": 11, "percent_covered": 100.0, "percent_covered_display": "100", "missing_lines": 0, "excluded_lines": 0, "percent_statements_covered": 100.0, "percent_statements_covered_display": "100"}, "missing_lines": [], "excluded_lines": [], "start_line": 351}, "parse_csv_file_tokens": {"executed_lines": [366, 367, 368, 369, 370, 371, 372, 373], "summary": {"covered_lines": 8, "num_statements": 8, "percent_covered": 100.0, "percent_covered_display": "100", "missing_lines": 0, "excluded_lines": 0, "percent_statements_covered": 100.0, "percent_statements_covered_display": "100"}, "missing_lines": [], "excluded_lines": [], "start_line": 365}, "compute_snapshot_sha256": {"executed_lines": [377, 378], "summary": {"covered_lines": 2, "num_statements": 2, "percent_covered": 100.0, "percent_covered_display": "100", "missing_lines": 0, "excluded_lines": 0, "percent_statements_covered": 100.0, "percent_statements_covered_display": "100"}, "missing_lines": [], "excluded_lines": [], "start_line": 376}, "extract_task_inline_flags": {"executed_lines": [382, 383, 384, 385, 386, 387, 388, 389], "summary": {"covered_lines": 8, "num_statements": 8, "percent_covered": 100.0, "percent_covered_display": "100", "missing_lines": 0, "excluded_lines": 0, "percent_statements_covered": 100.0, "percent_statements_covered_display": "100"}, "missing_lines": [], "excluded_lines": [], "start_line": 381}, "task_requests_lightweight": {"executed_lines": [393, 394], "summary": {"covered_lines": 2, "num_statements": 2, "percent_covered": 100.0, "percent_covered_display": "100", "missing_lines": 0, "excluded_lines": 0, "percent_statements_covered": 100.0, "percent_statements_covered_display": "100"}, "missing_lines": [], "excluded_lines": [], "start_line": 392}, "task_declares_premortem": {"executed_lines": [398], "summary": {"covered_lines": 1, "num_statements": 1, "percent_covered": 100.0, "percent_covered_display": "100", "missing_lines": 0, "excluded_lines": 0, "percent_statements_covered": 100.0, "percent_statements_covered_display": "100"}, "missing_lines": [], "excluded_lines": [], "start_line": 397}, "collapse_whitespace": {"executed_lines": [402], "summary": {"covered_lines": 1, "num_statements": 1, "percent_covered": 100.0, "percent_covered_display": "100", "missing_lines": 0, "excluded_lines": 0, "percent_statements_covered": 100.0, "percent_statements_covered_display": "100"}, "missing_lines": [], "excluded_lines": [], "start_line": 401}, "extract_single_line_section": {"executed_lines": [406, 407, 408, 409], "summary": {"covered_lines": 4, "num_statements": 4, "percent_covered": 100.0, "percent_covered_display": "100", "missing_lines": 0, "excluded_lines": 0, "percent_statements_covered": 100.0, "percent_statements_covered_display": "100"}, "missing_lines": [], "excluded_lines": [], "start_line": 405}, "normalize_assurance_level": {"executed_lines": [416, 417], "summary": {"covered_lines": 2, "num_statements": 2, "percent_covered": 100.0, "percent_covered_display": "100", "missing_lines": 0, "excluded_lines": 0, "percent_statements_covered": 100.0, "percent_statements_covered_display": "100"}, "missing_lines": [], "excluded_lines": [], "start_line": 415}, "normalize_project_adapter": {"executed_lines": [421, 422], "summary": {"covered_lines": 2, "num_statements": 2, "percent_covered": 100.0, "percent_covered_display": "100", "missing_lines": 0, "excluded_lines": 0, "percent_statements_covered": 100.0, "percent_statements_covered_display": "100"}, "missing_lines": [], "excluded_lines": [], "start_line": 420}, "resolve_assurance_level": {"executed_lines": [426, 427, 431, 432, 433, 434, 435], "summary": {"covered_lines": 7, "num_statements": 7, "percent_covered": 100.0, "percent_covered_display": "100", "missing_lines": 0, "excluded_lines": 0, "percent_statements_covered": 100.0, "percent_statements_covered_display": "100"}, "missing_lines": [], "excluded_lines": [], "start_line": 425}, "resolve_project_adapter": {"executed_lines": [439, 440, 444, 445, 446, 447, 448], "summary": {"covered_lines": 7, "num_statements": 7, "percent_covered": 100.0, "percent_covered_display": "100", "missing_lines": 0, "excluded_lines": 0, "percent_statements_covered": 100.0, "percent_statements_covered_display": "100"}, "missing_lines": [], "excluded_lines": [], "start_line": 438}, "companion_artifact_path": {"executed_lines": [452, 453], "summary": {"covered_lines": 2, "num_statements": 2, "percent_covered": 100.0, "percent_covered_display": "100", "missing_lines": 0, "excluded_lines": 0, "percent_statements_covered": 100.0, "percent_statements_covered_display": "100"}, "missing_lines": [], "excluded_lines": [], "start_line": 451}, "resolve_artifact_profile": {"executed_lines": [457, 458, 459, 460, 461], "summary": {"covered_lines": 5, "num_statements": 5, "percent_covered": 100.0, "percent_covered_display": "100", "missing_lines": 0, "excluded_lines": 0, "percent_statements_covered": 100.0, "percent_statements_covered_display": "100"}, "missing_lines": [], "excluded_lines": [], "start_line": 456}, "resolve_task_policy": {"executed_lines": [470, 471, 472], "summary": {"covered_lines": 3, "num_statements": 3, "percent_covered": 100.0, "percent_covered_display": "100", "missing_lines": 0, "excluded_lines": 0, "percent_statements_covered": 100.0, "percent_statements_covered_display": "100"}, "missing_lines": [], "excluded_lines": [], "start_line": 464}, "plan_has_non_empty_risks": {"executed_lines": [476, 477], "summary": {"covered_lines": 2, "num_statements": 2, "percent_covered": 100.0, "percent_covered_display": "100", "missing_lines": 0, "excluded_lines": 0, "percent_statements_covered": 100.0, "percent_statements_covered_display": "100"}, "missing_lines": [], "excluded_lines": [], "start_line": 475}, "resolve_workspace_relative_path": {"executed_lines": [481, 482, 483, 484, 485, 486, 487, 488, 489, 490, 491, 492, 493, 494, 495, 496], "summary": {"covered_lines": 16, "num_statements": 16, "percent_covered": 100.0, "percent_covered_display": "100", "missing_lines": 0, "excluded_lines": 0, "percent_statements_covered": 100.0, "percent_statements_covered_display": "100"}, "missing_lines": [], "excluded_lines": [], "start_line": 480}, "parse_repository_ref": {"executed_lines": [500, 501, 502, 503, 504, 505], "summary": {"covered_lines": 6, "num_statements": 6, "percent_covered": 100.0, "percent_covered_display": "100", "missing_lines": 0, "excluded_lines": 0, "percent_statements_covered": 100.0, "percent_statements_covered_display": "100"}, "missing_lines": [], "excluded_lines": [], "start_line": 499}, "get_allowed_github_api_hosts": {"executed_lines": [509, 510, 511, 512, 513, 514, 515, 516, 517, 518, 519, 520, 521], "summary": {"covered_lines": 13, "num_statements": 13, "percent_covered": 100.0, "percent_covered_display": "100", "missing_lines": 0, "excluded_lines": 0, "percent_statements_covered": 100.0, "percent_statements_covered_display": "100"}, "missing_lines": [], "excluded_lines": [], "start_line": 508}, "normalize_api_base_url": {"executed_lines": [525, 526, 527, 528, 529, 530, 531, 532, 533, 534, 535, 536, 541], "summary": {"covered_lines": 13, "num_statements": 13, "percent_covered": 100.0, "percent_covered_display": "100", "missing_lines": 0, "excluded_lines": 0, "percent_statements_covered": 100.0, "percent_statements_covered_display": "100"}, "missing_lines": [], "excluded_lines": [], "start_line": 524}, "summarize_remote_error_detail": {"executed_lines": [545, 546, 547, 548, 549], "summary": {"covered_lines": 5, "num_statements": 5, "percent_covered": 100.0, "percent_covered_display": "100", "missing_lines": 0, "excluded_lines": 0, "percent_statements_covered": 100.0, "percent_statements_covered_display": "100"}, "missing_lines": [], "excluded_lines": [], "start_line": 544}, "load_archive_snapshot": {"executed_lines": [553, 554, 555, 556, 557, 558, 559, 560, 561, 562, 563, 564, 565, 566, 567, 568, 569, 570, 571, 574, 575, 576, 580, 581, 582, 583, 584, 585, 586, 587, 588, 589, 590, 591, 592, 593, 594, 595, 596, 597, 598, 599, 600, 601, 602, 603, 607], "summary": {"covered_lines": 47, "num_statements": 47, "percent_covered": 100.0, "percent_covered_display": "100", "missing_lines": 0, "excluded_lines": 0, "percent_statements_covered": 100.0, "percent_statements_covered_display": "100"}, "missing_lines": [], "excluded_lines": [], "start_line": 552}, "collect_github_pr_files": {"executed_lines": [611, 612, 613, 614, 615, 616, 617, 618, 619, 620, 625, 626, 627, 628, 629, 633, 634, 635, 636, 637, 638, 639, 640, 641, 642, 643, 644, 645, 646, 647, 648, 649, 650, 651, 652, 653, 654, 655, 656, 657, 658, 659, 660, 661, 662, 663, 664, 665, 666, 667], "summary": {"covered_lines": 50, "num_statements": 50, "percent_covered": 100.0, "percent_covered_display": "100", "missing_lines": 0, "excluded_lines": 0, "percent_statements_covered": 100.0, "percent_statements_covered_display": "100"}, "missing_lines": [], "excluded_lines": [], "start_line": 610}, "compare_reconstructed_scope": {"executed_lines": [671, 672, 673, 674, 675, 676, 677, 678, 679, 680, 681, 684, 685, 686, 687, 690, 691], "summary": {"covered_lines": 17, "num_statements": 17, "percent_covered": 100.0, "percent_covered_display": "100", "missing_lines": 0, "excluded_lines": 0, "percent_statements_covered": 100.0, "percent_statements_covered_display": "100"}, "missing_lines": [], "excluded_lines": [], "start_line": 670}, "detect_mixed_github_sources": {"executed_lines": [695, 696, 697, 698, 699, 700, 701, 702, 703, 704], "summary": {"covered_lines": 10, "num_statements": 10, "percent_covered": 100.0, "percent_covered_display": "100", "missing_lines": 0, "excluded_lines": 0, "percent_statements_covered": 100.0, "percent_statements_covered_display": "100"}, "missing_lines": [], "excluded_lines": [], "start_line": 694}, "detect_plan_code_scope_drift": {"executed_lines": [708, 709, 710, 711, 712], "summary": {"covered_lines": 5, "num_statements": 5, "percent_covered": 100.0, "percent_covered_display": "100", "missing_lines": 0, "excluded_lines": 0, "percent_statements_covered": 100.0, "percent_statements_covered_display": "100"}, "missing_lines": [], "excluded_lines": [], "start_line": 707}, "parse_diff_evidence": {"executed_lines": [716, 717, 718, 719], "summary": {"covered_lines": 4, "num_statements": 4, "percent_covered": 100.0, "percent_covered_display": "100", "missing_lines": 0, "excluded_lines": 0, "percent_statements_covered": 100.0, "percent_statements_covered_display": "100"}, "missing_lines": [], "excluded_lines": [], "start_line": 715}, "detect_git_root": {"executed_lines": [723, 724, 725, 726, 727], "summary": {"covered_lines": 5, "num_statements": 5, "percent_covered": 100.0, "percent_covered_display": "100", "missing_lines": 0, "excluded_lines": 0, "percent_statements_covered": 100.0, "percent_statements_covered_display": "100"}, "missing_lines": [], "excluded_lines": [], "start_line": 722}, "load_git_scope_context": {"executed_lines": [731, 732, 733, 734, 735, 736], "summary": {"covered_lines": 6, "num_statements": 6, "percent_covered": 100.0, "percent_covered_display": "100", "missing_lines": 0, "excluded_lines": 0, "percent_statements_covered": 100.0, "percent_statements_covered_display": "100"}, "missing_lines": [], "excluded_lines": [], "start_line": 730}, "collect_git_changed_files": {"executed_lines": [740, 741, 742, 747, 748, 749, 750, 751, 752, 753, 754, 755, 756, 757, 758, 759, 760], "summary": {"covered_lines": 17, "num_statements": 17, "percent_covered": 100.0, "percent_covered_display": "100", "missing_lines": 0, "excluded_lines": 0, "percent_statements_covered": 100.0, "percent_statements_covered_display": "100"}, "missing_lines": [], "excluded_lines": [], "start_line": 739}, "collect_git_diff_range_files": {"executed_lines": [764, 765, 766, 767, 768, 769, 770, 771, 772, 773, 774, 775, 776, 777], "summary": {"covered_lines": 14, "num_statements": 14, "percent_covered": 100.0, "percent_covered_display": "100", "missing_lines": 0, "excluded_lines": 0, "percent_statements_covered": 100.0, "percent_statements_covered_display": "100"}, "missing_lines": [], "excluded_lines": [], "start_line": 763}, "resolve_git_revision_commit": {"executed_lines": [781, 782, 783, 784, 785, 786, 787, 788, 789], "summary": {"covered_lines": 9, "num_statements": 9, "percent_covered": 100.0, "percent_covered_display": "100", "missing_lines": 0, "excluded_lines": 0, "percent_statements_covered": 100.0, "percent_statements_covered_display": "100"}, "missing_lines": [], "excluded_lines": [], "start_line": 780}, "task_artifact_relative_paths": {"executed_lines": [793, 794, 795, 796, 797, 798, 799, 800, 801], "summary": {"covered_lines": 9, "num_statements": 9, "percent_covered": 100.0, "percent_covered_display": "100", "missing_lines": 0, "excluded_lines": 0, "percent_statements_covered": 100.0, "percent_statements_covered_display": "100"}, "missing_lines": [], "excluded_lines": [], "start_line": 792}, "detect_git_backed_scope_drift": {"executed_lines": [805, 806, 807, 808, 809, 810, 811, 812, 813, 814, 815, 820, 821, 822, 823, 824, 827, 828, 829, 830, 833, 834], "summary": {"covered_lines": 22, "num_statements": 22, "percent_covered": 100.0, "percent_covered_display": "100", "missing_lines": 0, "excluded_lines": 0, "percent_statements_covered": 100.0, "percent_statements_covered_display": "100"}, "missing_lines": [], "excluded_lines": [], "start_line": 804}, "detect_historical_diff_scope_drift": {"executed_lines": [838, 839, 840, 841, 842, 843, 844, 845, 846, 847, 848, 851, 852, 853, 854, 855, 856, 857, 858, 859, 860, 863, 864, 865, 866, 867, 868, 869, 870, 871, 872, 873, 874, 875, 876, 879, 880, 882, 883, 884, 885, 886, 887, 888, 889, 890, 893, 894, 895, 896, 897, 898, 899, 900, 901, 902, 903, 904, 905, 906, 909, 910, 911, 912, 913, 914, 917, 918, 919, 920, 921, 922, 923, 926, 927, 928, 929, 930, 933, 934, 935, 936, 937, 938], "summary": {"covered_lines": 84, "num_statements": 84, "percent_covered": 100.0, "percent_covered_display": "100", "missing_lines": 0, "excluded_lines": 0, "percent_statements_covered": 100.0, "percent_statements_covered_display": "100"}, "missing_lines": [], "excluded_lines": [], "start_line": 837}, "validate_scope_drift_waiver": {"executed_lines": [942, 943, 944, 945, 946, 952, 953, 954, 955, 956, 957, 958, 959, 960, 961, 962, 963], "summary": {"covered_lines": 17, "num_statements": 17, "percent_covered": 100.0, "percent_covered_display": "100", "missing_lines": 0, "excluded_lines": 0, "percent_statements_covered": 100.0, "percent_statements_covered_display": "100"}, "missing_lines": [], "excluded_lines": [], "start_line": 941}, "validate_task_id": {"executed_lines": [972], "summary": {"covered_lines": 1, "num_statements": 1, "percent_covered": 100.0, "percent_covered_display": "100", "missing_lines": 0, "excluded_lines": 0, "percent_statements_covered": 100.0, "percent_statements_covered_display": "100"}, "missing_lines": [], "excluded_lines": [], "start_line": 971}, "validate_taipei_timestamp": {"executed_lines": [976], "summary": {"covered_lines": 1, "num_statements": 1, "percent_covered": 100.0, "percent_covered_display": "100", "missing_lines": 0, "excluded_lines": 0, "percent_statements_covered": 100.0, "percent_statements_covered_display": "100"}, "missing_lines": [], "excluded_lines": [], "start_line": 975}, "resolve_status_state": {"executed_lines": [980, 981, 982, 983, 984, 985, 986], "summary": {"covered_lines": 7, "num_statements": 7, "percent_covered": 100.0, "percent_covered_display": "100", "missing_lines": 0, "excluded_lines": 0, "percent_statements_covered": 100.0, "percent_statements_covered_display": "100"}, "missing_lines": [], "excluded_lines": [], "start_line": 979}, "status_uses_legacy_schema": {"executed_lines": [990], "summary": {"covered_lines": 1, "num_statements": 1, "percent_covered": 100.0, "percent_covered_display": "100", "missing_lines": 0, "excluded_lines": 0, "percent_statements_covered": 100.0, "percent_statements_covered_display": "100"}, "missing_lines": [], "excluded_lines": [], "start_line": 989}, "append_auto_upgrade_log": {"executed_lines": [994, 995, 996, 997, 998, 999, 1007, 1008], "summary": {"covered_lines": 8, "num_statements": 8, "percent_covered": 100.0, "percent_covered_display": "100", "missing_lines": 0, "excluded_lines": 0, "percent_statements_covered": 100.0, "percent_statements_covered_display": "100"}, "missing_lines": [], "excluded_lines": [], "start_line": 993}, "resolve_validation_mode": {"executed_lines": [1012, 1013, 1015, 1016, 1017, 1018, 1019, 1020, 1021, 1022, 1023, 1025, 1026, 1027, 1028, 1029, 1031, 1032, 1033, 1034, 1035, 1036, 1037, 1038, 1039, 1040, 1041, 1043], "summary": {"covered_lines": 28, "num_statements": 28, "percent_covered": 100.0, "percent_covered_display": "100", "missing_lines": 0, "excluded_lines": 0, "percent_statements_covered": 100.0, "percent_statements_covered_display": "100"}, "missing_lines": [], "excluded_lines": [], "start_line": 1011}, "research_citations_are_blocking": {"executed_lines": [1047], "summary": {"covered_lines": 1, "num_statements": 1, "percent_covered": 100.0, "percent_covered_display": "100", "missing_lines": 0, "excluded_lines": 0, "percent_statements_covered": 100.0, "percent_statements_covered_display": "100"}, "missing_lines": [], "excluded_lines": [], "start_line": 1046}, "validate_research_citations": {"executed_lines": [1051, 1052, 1053, 1054, 1055, 1056, 1057, 1058, 1059, 1060, 1061, 1062, 1063, 1064, 1065, 1072, 1078, 1079, 1085], "summary": {"covered_lines": 19, "num_statements": 19, "percent_covered": 100.0, "percent_covered_display": "100", "missing_lines": 0, "excluded_lines": 0, "percent_statements_covered": 100.0, "percent_statements_covered_display": "100"}, "missing_lines": [], "excluded_lines": [], "start_line": 1050}, "validate_status_schema": {"executed_lines": [1089, 1090, 1091, 1092, 1093, 1094, 1095, 1096, 1097, 1098, 1099, 1100, 1101, 1102, 1103, 1104, 1105, 1106, 1107, 1108, 1109, 1110, 1111, 1112, 1114, 1125, 1126, 1127, 1128, 1129, 1130, 1131, 1132, 1133, 1134, 1135, 1137, 1138, 1139, 1141, 1142, 1143, 1147, 1148, 1149, 1151, 1152, 1153, 1157, 1158, 1159, 1160, 1161, 1162, 1168, 1169, 1170, 1175, 1176, 1177, 1181, 1182, 1187, 1188, 1189, 1190, 1191, 1192, 1193, 1194, 1196, 1197, 1198, 1199, 1200, 1201, 1202, 1207, 1208, 1211, 1212, 1213, 1214, 1217, 1218, 1221, 1222, 1223, 1226, 1227, 1228, 1229, 1231, 1232, 1233, 1234, 1235, 1236, 1237, 1240, 1241, 1242, 1248, 1249], "summary": {"covered_lines": 104, "num_statements": 104, "percent_covered": 100.0, "percent_covered_display": "100", "missing_lines": 0, "excluded_lines": 0, "percent_statements_covered": 100.0, "percent_statements_covered_display": "100"}, "missing_lines": [], "excluded_lines": [], "start_line": 1088}, "validate_research_artifact": {"executed_lines": [1253, 1254, 1255, 1256, 1257, 1258, 1259, 1260, 1261, 1262, 1263, 1264, 1265, 1266, 1267, 1268, 1269, 1270, 1271, 1272, 1273, 1274, 1275, 1276, 1277, 1278, 1281], "summary": {"covered_lines": 27, "num_statements": 27, "percent_covered": 100.0, "percent_covered_display": "100", "missing_lines": 0, "excluded_lines": 0, "percent_statements_covered": 100.0, "percent_statements_covered_display": "100"}, "missing_lines": [], "excluded_lines": [], "start_line": 1252}, "validate_improvement_artifact": {"executed_lines": [1285, 1286, 1287, 1288, 1289, 1290, 1291, 1292, 1293, 1294, 1295, 1296, 1297, 1298, 1299, 1301, 1302, 1303, 1304, 1305, 1306], "summary": {"covered_lines": 21, "num_statements": 21, "percent_covered": 100.0, "percent_covered_display": "100", "missing_lines": 0, "excluded_lines": 0, "percent_statements_covered": 100.0, "percent_statements_covered_display": "100"}, "missing_lines": [], "excluded_lines": [], "start_line": 1284}, "validate_decision_artifact": {"executed_lines": [1310, 1311, 1312, 1313, 1314, 1315, 1317, 1318, 1319, 1320, 1321, 1322, 1323, 1324, 1325, 1326, 1327, 1328, 1329, 1330], "summary": {"covered_lines": 20, "num_statements": 20, "percent_covered": 100.0, "percent_covered_display": "100", "missing_lines": 0, "excluded_lines": 0, "percent_statements_covered": 100.0, "percent_statements_covered_display": "100"}, "missing_lines": [], "excluded_lines": [], "start_line": 1309}, "validate_code_mapping_to_plan": {"executed_lines": [1334, 1335, 1336, 1337, 1338, 1339, 1340, 1341, 1342, 1343, 1344, 1349], "summary": {"covered_lines": 12, "num_statements": 12, "percent_covered": 100.0, "percent_covered_display": "100", "missing_lines": 0, "excluded_lines": 0, "percent_statements_covered": 100.0, "percent_statements_covered_display": "100"}, "missing_lines": [], "excluded_lines": [], "start_line": 1333}, "parse_structured_checklist_fields": {"executed_lines": [1353, 1354, 1355, 1356, 1357, 1358, 1359, 1360, 1361], "summary": {"covered_lines": 9, "num_statements": 9, "percent_covered": 100.0, "percent_covered_display": "100", "missing_lines": 0, "excluded_lines": 0, "percent_statements_covered": 100.0, "percent_statements_covered_display": "100"}, "missing_lines": [], "excluded_lines": [], "start_line": 1352}, "parse_verify_checklist_items": {"executed_lines": [1365, 1366, 1367, 1368, 1369, 1370, 1371, 1372, 1373, 1374, 1375, 1376], "summary": {"covered_lines": 12, "num_statements": 12, "percent_covered": 100.0, "percent_covered_display": "100", "missing_lines": 0, "excluded_lines": 0, "percent_statements_covered": 100.0, "percent_statements_covered_display": "100"}, "missing_lines": [], "excluded_lines": [], "start_line": 1364}, "collect_verify_contract": {"executed_lines": [1385, 1386, 1387, 1388, 1389, 1390, 1391, 1392, 1393, 1394, 1395], "summary": {"covered_lines": 11, "num_statements": 11, "percent_covered": 100.0, "percent_covered_display": "100", "missing_lines": 0, "excluded_lines": 0, "percent_statements_covered": 100.0, "percent_statements_covered_display": "100"}, "missing_lines": [], "excluded_lines": [], "start_line": 1379}, "validate_verify_checklist_schema": {"executed_lines": [1415, 1416, 1417, 1418, 1419, 1420, 1421, 1422, 1423, 1424, 1425, 1426, 1427, 1428, 1429, 1431, 1432, 1433, 1434, 1435, 1438, 1439, 1440, 1443, 1444, 1447, 1448, 1449, 1452, 1453, 1454, 1457, 1458, 1459, 1460, 1461, 1463, 1464, 1465, 1469, 1479, 1480, 1481, 1482, 1483, 1485, 1486, 1487, 1490, 1491, 1494, 1495, 1496, 1499], "summary": {"covered_lines": 54, "num_statements": 54, "percent_covered": 100.0, "percent_covered_display": "100", "missing_lines": 0, "excluded_lines": 0, "percent_statements_covered": 100.0, "percent_statements_covered_display": "100"}, "missing_lines": [], "excluded_lines": [], "start_line": 1409}, "validate_markdown_artifact": {"executed_lines": [1503, 1504, 1505, 1506, 1507, 1508, 1509, 1510, 1511, 1512, 1513, 1514, 1515, 1516, 1517, 1518, 1519, 1520, 1521, 1522, 1523, 1525, 1526, 1527, 1528, 1529, 1530, 1532, 1533, 1534, 1535, 1536, 1537, 1538, 1539, 1540, 1541, 1542, 1543, 1544, 1545, 1546, 1547, 1548, 1549, 1550, 1551, 1552, 1553, 1554, 1555, 1556, 1562, 1563, 1564, 1565, 1566, 1567, 1568, 1569, 1570, 1571, 1572], "summary": {"covered_lines": 63, "num_statements": 63, "percent_covered": 100.0, "percent_covered_display": "100", "missing_lines": 0, "excluded_lines": 0, "percent_statements_covered": 100.0, "percent_statements_covered_display": "100"}, "missing_lines": [], "excluded_lines": [], "start_line": 1502}, "verify_result_is_pass": {"executed_lines": [1576, 1577], "summary": {"covered_lines": 2, "num_statements": 2, "percent_covered": 100.0, "percent_covered_display": "100", "missing_lines": 0, "excluded_lines": 0, "percent_statements_covered": 100.0, "percent_statements_covered_display": "100"}, "missing_lines": [], "excluded_lines": [], "start_line": 1575}, "plan_ready_for_coding": {"executed_lines": [1581, 1582], "summary": {"covered_lines": 2, "num_statements": 2, "percent_covered": 100.0, "percent_covered_disp
[...]
d_display": "100"}, "missing_lines": [], "excluded_lines": [], "start_line": 42}, "main": {"executed_lines": [], "summary": {"covered_lines": 0, "num_statements": 0, "percent_covered": 100.0, "percent_covered_display": "100", "missing_lines": 0, "excluded_lines": 10, "percent_statements_covered": 100.0, "percent_statements_covered_display": "100"}, "missing_lines": [], "excluded_lines": [66, 67, 68, 69, 70, 71, 72, 73, 74, 75], "start_line": 65}, "": {"executed_lines": [2, 4, 5, 6, 7, 9, 12, 23, 42], "summary": {"covered_lines": 9, "num_statements": 9, "percent_covered": 100.0, "percent_covered_display": "100", "missing_lines": 0, "excluded_lines": 3, "percent_statements_covered": 100.0, "percent_statements_covered_display": "100"}, "missing_lines": [], "excluded_lines": [65, 78, 79], "start_line": 1}}, "classes": {"": {"executed_lines": [2, 4, 5, 6, 7, 9, 12, 13, 14, 15, 16, 17, 18, 19, 20, 23, 24, 25, 26, 27, 28, 29, 30, 31, 32, 33, 34, 35, 36, 37, 38, 39, 42, 43, 44, 45, 46, 47, 48, 50, 51, 52, 53, 58, 59, 61, 62], "summary": {"covered_lines": 47, "num_statements": 47, "percent_covered": 100.0, "percent_covered_display": "100", "missing_lines": 0, "excluded_lines": 13, "percent_statements_covered": 100.0, "percent_statements_covered_display": "100"}, "missing_lines": [], "excluded_lines": [65, 66, 67, 68, 69, 70, 71, 72, 73, 74, 75, 78, 79], "start_line": 1}}}, "artifacts\\scripts\\validate_context_stack.py": {"executed_lines": [8, 10, 11, 12, 13, 14, 15, 18, 19, 20, 21, 27, 28, 29, 30, 33, 41, 48, 49, 52, 58, 59, 60, 67, 68, 71, 73, 74, 75, 78, 79, 80, 81, 82, 83, 86, 87, 94, 96, 97, 98, 99, 100, 101, 102, 103, 104, 105, 106, 107, 110, 112, 113, 114, 115, 116, 117, 118, 119, 120, 122, 123, 124, 128, 131, 133, 134, 137, 138, 139, 140, 141, 142, 143, 144, 145, 147, 148, 149, 152, 153, 154, 155, 156, 157, 158, 159, 161, 162, 163, 165, 168, 170, 173, 174, 175, 176, 177, 178, 181, 182, 183, 184, 185, 186, 189, 190, 191, 192, 193, 195, 198, 200, 201, 202, 203, 204, 205, 206, 207, 208, 212, 215, 217, 218, 219, 220, 221, 224, 225, 226, 227, 228, 229, 230, 231, 232, 233, 234, 235, 236, 242, 243, 244, 245, 247, 250, 252, 253, 254, 255, 256, 258, 259, 260, 261, 262, 263, 264, 267, 268, 274, 275, 276, 277, 278, 282, 283, 284, 285, 286, 287, 288, 289, 291, 292, 293, 294, 295, 296, 298, 299, 300, 301, 302, 303, 304, 305, 306, 307, 308, 310], "summary": {"covered_lines": 192, "num_statements": 192, "percent_covered": 100.0, "percent_covered_display": "100", "missing_lines": 0, "excluded_lines": 71, "percent_statements_covered": 100.0, "percent_statements_covered_display": "100"}, "missing_lines": [], "excluded_lines": [317, 318, 319, 320, 321, 322, 323, 324, 325, 326, 327, 328, 329, 330, 331, 332, 333, 334, 335, 336, 337, 338, 339, 340, 341, 342, 343, 344, 345, 346, 347, 348, 349, 350, 351, 352, 353, 354, 355, 356, 357, 358, 359, 360, 361, 362, 363, 364, 365, 366, 367, 368, 369, 370, 371, 372, 373, 374, 375, 376, 377, 378, 379, 380, 381, 382, 383, 384, 385, 388, 389], "functions": {"load_text": {"executed_lines": [68], "summary": {"covered_lines": 1, "num_statements": 1, "percent_covered": 100.0, "percent_covered_display": "100", "missing_lines": 0, "excluded_lines": 0, "percent_statements_covered": 100.0, "percent_statements_covered_display": "100"}, "missing_lines": [], "excluded_lines": [], "start_line": 67}, "estimate_tokens": {"executed_lines": [73, 74, 75], "summary": {"covered_lines": 3, "num_statements": 3, "percent_covered": 100.0, "percent_covered_display": "100", "missing_lines": 0, "excluded_lines": 0, "percent_statements_covered": 100.0, "percent_statements_covered_display": "100"}, "missing_lines": [], "excluded_lines": [], "start_line": 71}, "extract_frontmatter_name": {"executed_lines": [79, 80, 81, 82, 83], "summary": {"covered_lines": 5, "num_statements": 5, "percent_covered": 100.0, "percent_covered_display": "100", "missing_lines": 0, "excluded_lines": 0, "percent_statements_covered": 100.0, "percent_statements_covered_display": "100"}, "missing_lines": [], "excluded_lines": [], "start_line": 78}, "extract_headings": {"executed_lines": [87], "summary": {"covered_lines": 1, "num_statements": 1, "percent_covered": 100.0, "percent_covered_display": "100", "missing_lines": 0, "excluded_lines": 0, "percent_statements_covered": 100.0, "percent_statements_covered_display": "100"}, "missing_lines": [], "excluded_lines": [], "start_line": 86}, "check_memory_bank_existence": {"executed_lines": [96, 97, 98, 99, 100, 101, 102, 103, 104, 105, 106, 107], "summary": {"covered_lines": 12, "num_statements": 12, "percent_covered": 100.0, "percent_covered_display": "100", "missing_lines": 0, "excluded_lines": 0, "percent_statements_covered": 100.0, "percent_statements_covered_display": "100"}, "missing_lines": [], "excluded_lines": [], "start_line": 94}, "check_cross_references": {"executed_lines": [112, 113, 114, 115, 116, 117, 118, 119, 120, 122, 123, 124, 128], "summary": {"covered_lines": 13, "num_statements": 13, "percent_covered": 100.0, "percent_covered_display": "100", "missing_lines": 0, "excluded_lines": 0, "percent_statements_covered": 100.0, "percent_statements_covered_display": "100"}, "missing_lines": [], "excluded_lines": [], "start_line": 110}, "check_frontmatter": {"executed_lines": [133, 134, 137, 138, 139, 140, 141, 142, 143, 144, 145, 147, 148, 149, 152, 153, 154, 155, 156, 157, 158, 159, 161, 162, 163, 165], "summary": {"covered_lines": 26, "num_statements": 26, "percent_covered": 100.0, "percent_covered_display": "100", "missing_lines": 0, "excluded_lines": 0, "percent_statements_covered": 100.0, "percent_statements_covered_display": "100"}, "missing_lines": [], "excluded_lines": [], "start_line": 131}, "check_name_uniqueness": {"executed_lines": [170, 173, 174, 175, 176, 177, 178, 181, 182, 183, 184, 185, 186, 189, 190, 191, 192, 193, 195], "summary": {"covered_lines": 19, "num_statements": 19, "percent_covered": 100.0, "percent_covered_display": "100", "missing_lines": 0, "excluded_lines": 0, "percent_statements_covered": 100.0, "percent_statements_covered_display": "100"}, "missing_lines": [], "excluded_lines": [], "start_line": 168}, "check_copilot_instructions_size": {"executed_lines": [200, 201, 202, 203, 204, 205, 206, 207, 208, 212], "summary": {"covered_lines": 10, "num_statements": 10, "percent_covered": 100.0, "percent_covered_display": "100", "missing_lines": 0, "excluded_lines": 0, "percent_statements_covered": 100.0, "percent_statements_covered_display": "100"}, "missing_lines": [], "excluded_lines": [], "start_line": 198}, "check_template_sync": {"executed_lines": [217, 218, 219, 220, 221, 224, 225, 226, 227, 228, 229, 230, 231, 232, 233, 234, 235, 236, 242, 243, 244, 245, 247], "summary": {"covered_lines": 23, "num_statements": 23, "percent_covered": 100.0, "percent_covered_display": "100", "missing_lines": 0, "excluded_lines": 0, "percent_statements_covered": 100.0, "percent_statements_covered_display": "100"}, "missing_lines": [], "excluded_lines": [], "start_line": 215}, "check_memory_bank_quality": {"executed_lines": [252, 253, 254, 255, 256, 258, 259, 260, 261, 262, 263, 264, 267, 268, 274, 275, 276, 277, 278, 282, 283, 284, 285, 286, 287, 288, 289, 291, 292, 293, 294, 295, 296, 298, 299, 300, 301, 302, 303, 304, 305, 306, 307, 308, 310], "summary": {"covered_lines": 45, "num_statements": 45, "percent_covered": 100.0, "percent_covered_display": "100", "missing_lines": 0, "excluded_lines": 0, "percent_statements_covered": 100.0, "percent_statements_covered_display": "100"}, "missing_lines": [], "excluded_lines": [], "start_line": 250}, "main": {"executed_lines": [], "summary": {"covered_lines": 0, "num_statements": 0, "percent_covered": 100.0, "percent_covered_display": "100", "missing_lines": 0, "excluded_lines": 68, "percent_statements_covered": 100.0, "percent_statements_covered_display": "100"}, "missing_lines": [], "excluded_lines": [318, 319, 320, 321, 322, 323, 324, 325, 326, 327, 328, 329, 330, 331, 332, 333, 334, 335, 336, 337, 338, 339, 340, 341, 342, 343, 344, 345, 346, 347, 348, 349, 350, 351, 352, 353, 354, 355, 356, 357, 358, 359, 360, 361, 362, 363, 364, 365, 366, 367, 368, 369, 370, 371, 372, 373, 374, 375, 376, 377, 378, 379, 380, 381, 382, 383, 384, 385], "start_line": 317}, "": {"executed_lines": [8, 10, 11, 12, 13, 14, 15, 18, 19, 20, 21, 27, 28, 29, 30, 33, 41, 48, 49, 52, 58, 59, 60, 67, 71, 78, 86, 94, 110, 131, 168, 198, 215, 250], "summary": {"covered_lines": 34, "num_statements": 34, "percent_covered": 100.0, "percent_covered_display": "100", "missing_lines": 0, "excluded_lines": 3, "percent_statements_covered": 100.0, "percent_statements_covered_display": "100"}, "missing_lines": [], "excluded_lines": [317, 388, 389], "start_line": 1}}, "classes": {"": {"executed_lines": [8, 10, 11, 12, 13, 14, 15, 18, 19, 20, 21, 27, 28, 29, 30, 33, 41, 48, 49, 52, 58, 59, 60, 67, 68, 71, 73, 74, 75, 78, 79, 80, 81, 82, 83, 86, 87, 94, 96, 97, 98, 99, 100, 101, 102, 103, 104, 105, 106, 107, 110, 112, 113, 114, 115, 116, 117, 118, 119, 120, 122, 123, 124, 128, 131, 133, 134, 137, 138, 139, 140, 141, 142, 143, 144, 145, 147, 148, 149, 152, 153, 154, 155, 156, 157, 158, 159, 161, 162, 163, 165, 168, 170, 173, 174, 175, 176, 177, 178, 181, 182, 183, 184, 185, 186, 189, 190, 191, 192, 193, 195, 198, 200, 201, 202, 203, 204, 205, 206, 207, 208, 212, 215, 217, 218, 219, 220, 221, 224, 225, 226, 227, 228, 229, 230, 231, 232, 233, 234, 235, 236, 242, 243, 244, 245, 247, 250, 252, 253, 254, 255, 256, 258, 259, 260, 261, 262, 263, 264, 267, 268, 274, 275, 276, 277, 278, 282, 283, 284, 285, 286, 287, 288, 289, 291, 292, 293, 294, 295, 296, 298, 299, 300, 301, 302, 303, 304, 305, 306, 307, 308, 310], "summary": {"covered_lines": 192, "num_statements": 192, "percent_covered": 100.0, "percent_covered_display": "100", "missing_lines": 0, "excluded_lines": 71, "percent_statements_covered": 100.0, "percent_statements_covered_display": "100"}, "missing_lines": [], "excluded_lines": [317, 318, 319, 320, 321, 322, 323, 324, 325, 326, 327, 328, 329, 330, 331, 332, 333, 334, 335, 336, 337, 338, 339, 340, 341, 342, 343, 344, 345, 346, 347, 348, 349, 350, 351, 352, 353, 354, 355, 356, 357, 358, 359, 360, 361, 362, 363, 364, 365, 366, 367, 368, 369, 370, 371, 372, 373, 374, 375, 376, 377, 378, 379, 380, 381, 382, 383, 384, 385, 388, 389], "start_line": 1}}}, "artifacts\\scripts\\validate_scorecard_deltas.py": {"executed_lines": [2, 4, 5, 6, 7, 8, 10, 14, 26, 27, 28, 29, 30, 33, 34, 35, 36, 37, 38, 39, 40, 41, 42, 43, 44, 45, 46, 47, 48, 49, 52, 53, 54, 55, 56, 57, 58, 59, 62, 65], "summary": {"covered_lines": 40, "num_statements": 40, "percent_covered": 100.0, "percent_covered_display": "100", "missing_lines": 0, "excluded_lines": 27, "percent_statements_covered": 100.0, "percent_statements_covered_display": "100"}, "missing_lines": [], "excluded_lines": [66, 69, 74, 77, 78, 79, 80, 81, 82, 83, 84, 85, 86, 87, 88, 89, 90, 91, 92, 93, 94, 95, 96, 97, 98, 101, 102], "functions": {"parse_rows": {"executed_lines": [34, 35, 36, 37, 38, 39, 40, 41, 42, 43, 44, 45, 46, 47, 48, 49], "summary": {"covered_lines": 16, "num_statements": 16, "percent_covered": 100.0, "percent_covered_display": "100", "missing_lines": 0, "excluded_lines": 0, "percent_statements_covered": 100.0, "percent_statements_covered_display": "100"}, "missing_lines": [], "excluded_lines": [], "start_line": 33}, "validate_rows": {"executed_lines": [53, 54, 55, 56, 57, 58, 59, 62], "summary": {"covered_lines": 8, "num_statements": 8, "percent_covered": 100.0, "percent_covered_display": "100", "missing_lines": 0, "excluded_lines": 0, "percent_statements_covered": 100.0, "percent_statements_covered_display": "100"}, "missing_lines": [], "excluded_lines": [], "start_line": 52}, "parse_args": {"executed_lines": [], "summary": {"covered_lines": 0, "num_statements": 0, "percent_covered": 100.0, "percent_covered_display": "100", "missing_lines": 0, "excluded_lines": 3, "percent_statements_covered": 100.0, "percent_statements_covered_display": "100"}, "missing_lines": [], "excluded_lines": [66, 69, 74], "start_line": 65}, "main": {"executed_lines": [], "summary": {"covered_lines": 0, "num_statements": 0, "percent_covered": 100.0, "percent_covered_display": "100", "missing_lines": 0, "excluded_lines": 21, "percent_statements_covered": 100.0, "percent_statements_covered_display": "100"}, "missing_lines": [], "excluded_lines": [78, 79, 80, 81, 82, 83, 84, 85, 86, 87, 88, 89, 90, 91, 92, 93, 94, 95, 96, 97, 98], "start_line": 77}, "": {"executed_lines": [2, 4, 5, 6, 7, 8, 10, 14, 26, 27, 28, 29, 30, 33, 52, 65], "summary": {"covered_lines": 16, "num_statements": 16, "percent_covered": 100.0, "percent_covered_display": "100", "missing_lines": 0, "excluded_lines": 3, "percent_statements_covered": 100.0, "percent_statements_covered_display": "100"}, "missing_lines": [], "excluded_lines": [77, 101, 102], "start_line": 1}}, "classes": {"Row": {"executed_lines": [], "summary": {"covered_lines": 0, "num_statements": 0, "percent_covered": 100.0, "percent_covered_display": "100", "missing_lines": 0, "excluded_lines": 0, "percent_statements_covered": 100.0, "percent_statements_covered_display": "100"}, "missing_lines": [], "excluded_lines": [], "start_line": 27}, "": {"executed_lines": [2, 4, 5, 6, 7, 8, 10, 14, 26, 27, 28, 29, 30, 33, 34, 35, 36, 37, 38, 39, 40, 41, 42, 43, 44, 45, 46, 47, 48, 49, 52, 53, 54, 55, 56, 57, 58, 59, 62, 65], "summary": {"covered_lines": 40, "num_statements": 40, "percent_covered": 100.0, "percent_covered_display": "100", "missing_lines": 0, "excluded_lines": 27, "percent_statements_covered": 100.0, "percent_statements_covered_display": "100"}, "missing_lines": [], "excluded_lines": [66, 69, 74, 77, 78, 79, 80, 81, 82, 83, 84, 85, 86, 87, 88, 89, 90, 91, 92, 93, 94, 95, 96, 97, 98, 101, 102], "start_line": 1}}}, "artifacts\\scripts\\workflow_constants.py": {"executed_lines": [2, 4, 5, 7, 16, 18, 19, 21, 27, 37, 48, 60, 69, 76, 84, 91, 99, 104, 115, 198, 274, 275, 276, 279, 280, 281, 284, 285, 300, 301, 302, 303, 304, 305, 306, 307, 308, 309, 310, 311, 312, 313, 314, 315, 318, 319, 320, 321, 322, 323, 324, 325, 326, 329, 330, 331, 333, 334, 335, 336, 337, 338, 339, 341, 342, 343, 344, 345, 346, 350, 351, 352, 353, 354, 355, 356, 357, 358, 359, 362, 368, 369, 370, 371, 376, 377, 380, 381, 382, 383, 385, 386, 387, 388, 389, 390, 391, 392, 393, 394, 395, 396, 399, 400, 401, 402, 405, 406, 407, 410, 411, 412, 415, 416, 417, 420, 422, 423, 424, 425, 426, 427, 428, 429, 430, 431, 432, 433, 434, 435, 436, 439, 440, 441, 442, 446, 447, 450, 452, 453, 454, 455, 456, 457, 458, 459, 460, 461, 462, 463, 475, 476, 479, 480, 481, 484, 485, 486, 489, 497, 498, 501, 502, 503, 506], "summary": {"covered_lines": 165, "num_statements": 165, "percent_covered": 100.0, "percent_covered_display": "100", "missing_lines": 0, "excluded_lines": 0, "percent_statements_covered": 100.0, "percent_statements_covered_display": "100"}, "missing_lines": [], "excluded_lines": [], "functions": {"normalize_assurance_level": {"executed_lines": [275, 276], "summary": {"covered_lines": 2, "num_statements": 2, "percent_covered": 100.0, "percent_covered_display": "100", "missing_lines": 0, "excluded_lines": 0, "percent_statements_covered": 100.0, "percent_statements_covered_display": "100"}, "missing_lines": [], "excluded_lines": [], "start_line": 274}, "normalize_project_adapter": {"executed_lines": [280, 281], "summary": {"covered_lines": 2, "num_statements": 2, "percent_covered": 100.0, "percent_covered_display": "100", "missing_lines": 0, "excluded_lines": 0, "percent_statements_covered": 100.0, "percent_statements_covered_display": "100"}, "missing_lines": [], "excluded_lines": [], "start_line": 279}, "_clone_profile": {"executed_lines": [285], "summary": {"covered_lines": 1, "num_statements": 1, "percent_covered": 100.0, "percent_covered_display": "100", "missing_lines": 0, "excluded_lines": 0, "percent_statements_covered": 100.0, "percent_statements_covered_display": "100"}, "missing_lines": [], "excluded_lines": [], "start_line": 284}, "_resolve_adapter_chain": {"executed_lines": [301, 302, 303, 304, 305, 306, 307, 308, 309, 310, 311, 312, 313, 314, 315], "summary": {"covered_lines": 15, "num_statements": 15, "percent_covered": 100.0, "percent_covered_display": "100", "missing_lines": 0, "excluded_lines": 0, "percent_statements_covered": 100.0, "percent_statements_covered_display": "100"}, "missing_lines": [], "excluded_lines": [], "start_line": 300}, "resolve_verification_policy": {"executed_lines": [319, 320, 321, 322, 323, 324, 325, 326, 329, 330, 331, 333, 334, 335, 336, 337, 338, 339, 341, 342, 343, 344, 345, 346, 350, 351, 352, 353, 354, 355, 356, 357, 358, 359], "summary": {"covered_lines": 34, "num_statements": 34, "percent_covered": 100.0, "percent_covered_display": "100", "missing_lines": 0, "excluded_lines": 0, "percent_statements_covered": 100.0, "percent_statements_covered_display": "100"}, "missing_lines": [], "excluded_lines": [], "start_line": 318}, "derive_verification_readiness": {"executed_lines": [368, 369, 370, 371, 376, 377], "summary": {"covered_lines": 6, "num_statements": 6, "percent_covered": 100.0, "percent_covered_display": "100", "missing_lines": 0, "excluded_lines": 0, "percent_statements_covered": 100.0, "percent_statements_covered_display": "100"}, "missing_lines": [], "excluded_lines": [], "start_line": 362}, "validate_workflow_rule_tables": {"executed_lines": [381, 382, 383, 385, 386, 387, 388, 389, 390, 391, 392, 393, 394, 395, 396, 399, 400, 401, 402, 405, 406, 407, 410, 411, 412, 415, 416, 417, 420, 422, 423, 424, 425, 426, 427, 428, 429, 430, 431, 432, 433, 434, 435, 436, 439, 440, 441, 442, 446, 447, 450, 452, 453, 454, 455, 456, 457, 458, 459, 460, 461, 462, 463, 475, 476, 479, 480, 481, 484, 485, 486, 489, 497, 498, 501, 502, 503, 506], "summary": {"covered_lines": 78, "num_statements": 78, "percent_covered": 100.0, "percent_covered_display": "100", "missing_lines": 0, "excluded_lines": 0, "percent_statements_covered": 100.0, "percent_statements_covered_display": "100"}, "missing_lines": [], "excluded_lines": [], "start_line": 380}, "": {"executed_lines": [2, 4, 5, 7, 16, 18, 19, 21, 27, 37, 48, 60, 69, 76, 84, 91, 99, 104, 115, 198, 274, 279, 284, 300, 318, 362, 380], "summary": {"covered_lines": 27, "num_statements": 27, "percent_covered": 100.0, "percent_covered_display": "100", "missing_lines": 0, "excluded_lines": 0, "percent_statements_covered": 100.0, "percent_statements_covered_display": "100"}, "missing_lines": [], "excluded_lines": [], "start_line": 1}}, "classes": {"": {"executed_lines": [2, 4, 5, 7, 16, 18, 19, 21, 27, 37, 48, 60, 69, 76, 84, 91, 99, 104, 115, 198, 274, 275, 276, 279, 280, 281, 284, 285, 300, 301, 302, 303, 304, 305, 306, 307, 308, 309, 310, 311, 312, 313, 314, 315, 318, 319, 320, 321, 322, 323, 324, 325, 326, 329, 330, 331, 333, 334, 335, 336, 337, 338, 339, 341, 342, 343, 344, 345, 346, 350, 351, 352, 353, 354, 355, 356, 357, 358, 359, 362, 368, 369, 370, 371, 376, 377, 380, 381, 382, 383, 385, 386, 387, 388, 389, 390, 391, 392, 393, 394, 395, 396, 399, 400, 401, 402, 405, 406, 407, 410, 411, 412, 415, 416, 417, 420, 422, 423, 424, 425, 426, 427, 428, 429, 430, 431, 432, 433, 434, 435, 436, 439, 440, 441, 442, 446, 447, 450, 452, 453, 454, 455, 456, 457, 458, 459, 460, 461, 462, 463, 475, 476, 479, 480, 481, 484, 485, 486, 489, 497, 498, 501, 502, 503, 506], "summary": {"covered_lines": 165, "num_statements": 165, "percent_covered": 100.0, "percent_covered_display": "100", "missing_lines": 0, "excluded_lines": 0, "percent_statements_covered": 100.0, "percent_statements_covered_display": "100"}, "missing_lines": [], "excluded_lines": [], "start_line": 1}}}}, "totals": {"covered_lines": 4304, "num_statements": 4304, "percent_covered": 100.0, "percent_covered_display": "100", "missing_lines": 0, "excluded_lines": 547, "percent_statements_covered": 100.0, "percent_statements_covered_display": "100"}}